{"target": -18.841609450683187, "params": {"c1": 0.09603005732765757, "c2": 1.9305358863345383, "c3": 0.30737483364358675, "c4": 0.06556485299569859, "c5": 0.5774527535154359, "c6": 0.00606962642286446, "c7": 0.7646344565279388}, "datetime": {"datetime": "2023-08-26 13:40:08", "elapsed": 0.0, "delta": 0.0}}
{"target": -16.114379734151854, "params": {"c1": 0.13376189835924357, "c2": 0.5446066566789076, "c3": 0.2054170545732763, "c4": 0.1886742230764057, "c5": 0.5405586287941833, "c6": 0.22774367056694078, "c7": 0.11256280660704043}, "datetime": {"datetime": "2023-08-26 13:40:08", "elapsed": 0.0, "delta": 0.0}}
{"target": -9.874668449635262, "params": {"c1": 0.07959317606519511, "c2": 1.5685199054224122, "c3": 0.3182250524170154, "c4": 0.3166991641454625, "c5": 1.0580408578753608, "c6": 0.1245917121039265, "c7": 0.15935222434469176}, "datetime": {"datetime": "2023-08-26 13:40:08", "elapsed": 0.0, "delta": 0.0}}
{"target": -9.248747492276703, "params": {"c1": 0.2718706838393813, "c2": 1.7243246708365363, "c3": 0.20899490043810054, "c4": 0.5760706585032691, "c5": 0.830224248259037, "c6": 0.09462428986354021, "c7": 0.013821011495018689}, "datetime": {"datetime": "2023-08-26 13:40:08", "elapsed": 0.0, "delta": 0.0}}
{"target": -6.711013060397998, "params": {"c1": 0.13230294055302017, "c2": 1.653109447450602, "c3": 0.41502143794082014, "c4": 0.6497588037042958, "c5": 1.0820247409970463, "c6": 0.11714282336027748, "c7": 0.08164694366556369}, "datetime": {"datetime": "2023-08-26 13:40:08", "elapsed": 0.0, "delta": 0.0}}
{"target": -2.6835290908051443, "params": {"c1": 0.5324364748944405, "c2": 1.6212168687440758, "c3": 0.8635894883654541, "c4": 0.37749611185809206, "c5": 0.8883541463841325, "c6": 0.16473742725626783, "c7": 0.6001429755272376}, "datetime": {"datetime": "2023-08-26 13:40:08", "elapsed": 0.0, "delta": 0.0}}
{"target": -23.960472018867637, "params": {"c1": 0.027003735022482767, "c2": 0.05001351049876379, "c3": 0.7158050761829757, "c4": 0.7575443701810783, "c5": 0.7928281538707536, "c6": 0.7839319575726076, "c7": 0.27631079028064176}, "datetime": {"datetime": "2023-08-26 13:40:08", "elapsed": 0.0, "delta": 0.0}}
{"target": -8.56108929683193, "params": {"c1": 0.24104100993919508, "c2": 0.45425707981224206, "c3": 0.5066959872060823, "c4": 0.3753944318793587, "c5": 1.0081117154316563, "c6": 0.2692754283280413, "c7": 0.6101173598689088}, "datetime": {"datetime": "2023-08-26 13:40:08", "elapsed": 0.0, "delta": 0.0}}
{"target": -21.53599031307219, "params": {"c1": 0.4282845341567685, "c2": 0.8284532823338626, "c3": 0.7232890189229136, "c4": 0.42536045884992124, "c5": 0.5702347690744987, "c6": 0.4693704834744704, "c7": 0.0030069465004806117}, "datetime": {"datetime": "2023-08-26 13:40:08", "elapsed": 0.0, "delta": 0.0}}
{"target": -4.32496390149292, "params": {"c1": 0.5382948031095283, "c2": 1.287852605785412, "c3": 0.5152346121267872, "c4": 0.13404012322507453, "c5": 0.33608328851451397, "c6": 0.788456768638317, "c7": 0.2139158286101831}, "datetime": {"datetime": "2023-08-26 13:40:08", "elapsed": 0.0, "delta": 0.0}}
{"target": -17.4092554224467, "params": {"c1": 0.5109438525500574, "c2": 1.419567130238561, "c3": 0.9608350394444988, "c4": 0.08299811467717833, "c5": 0.9339573384834605, "c6": 0.5057033984621212, "c7": 0.08162890365680131}, "datetime": {"datetime": "2023-08-26 13:40:08", "elapsed": 0.0, "delta": 0.0}}
{"target": -1.7976309011693006, "params": {"c1": 0.4995545858509429, "c2": 0.8875300716076269, "c3": 0.7445049204943662, "c4": 0.41704509457734773, "c5": 1.140011905694062, "c6": 0.3827896922792495, "c7": 0.3739479936351059}, "datetime": {"datetime": "2023-08-26 13:40:08", "elapsed": 0.0, "delta": 0.0}}
{"target": -6.305214381035021, "params": {"c1": 0.5019397692689276, "c2": 0.9442450551833379, "c3": 0.9555104891623957, "c4": 0.3979697624513322, "c5": 0.831459808827584, "c6": 0.38411634005732764, "c7": 0.6103687403511708}, "datetime": {"datetime": "2023-08-26 13:40:08", "elapsed": 0.0, "delta": 0.0}}
{"target": -7.874358329727106, "params": {"c1": 0.22902968953092284, "c2": 1.0130034313886684, "c3": 0.7129406967717747, "c4": 0.32504748696350483, "c5": 1.062108382468331, "c6": 0.20498237326488877, "c7": 0.4731314505905687}, "datetime": {"datetime": "2023-08-26 13:40:08", "elapsed": 0.0, "delta": 0.0}}
{"target": -12.01016817383574, "params": {"c1": 0.06847161455775963, "c2": 0.4805803906407773, "c3": 0.9583988295358911, "c4": 0.16991225248061392, "c5": 0.4090815783780064, "c6": 0.8428618613057692, "c7": 0.0698992755554737}, "datetime": {"datetime": "2023-08-26 13:40:08", "elapsed": 0.0, "delta": 0.0}}
{"target": -7.1955243907847715, "params": {"c1": 0.31340641747683295, "c2": 1.4192910252602233, "c3": 0.8192309383945042, "c4": 0.12426796874985935, "c5": 0.8288918637811333, "c6": 0.20658340667407016, "c7": 0.7465588976769763}, "datetime": {"datetime": "2023-08-26 13:40:08", "elapsed": 0.0, "delta": 0.0}}
{"target": -4.384620287000864, "params": {"c1": 0.5895954510756793, "c2": 0.957235847961942, "c3": 0.9663676436776338, "c4": 0.9181256347565458, "c5": 1.287131204404909, "c6": 0.9110448505172152, "c7": 0.47558893570071537}, "datetime": {"datetime": "2023-08-26 13:40:08", "elapsed": 0.0, "delta": 0.0}}
{"target": -11.921284340190786, "params": {"c1": 0.057125058915708515, "c2": 1.0470273990477905, "c3": 0.9686676792820451, "c4": 0.4041028030324533, "c5": 0.4221081275276559, "c6": 0.8458619834537638, "c7": 0.34316133085306566}, "datetime": {"datetime": "2023-08-26 13:40:08", "elapsed": 0.0, "delta": 0.0}}
{"target": -9.11500581543379, "params": {"c1": 0.10963763769156276, "c2": 0.47253312113402846, "c3": 0.003817049497225611, "c4": 0.4151124044657105, "c5": 0.21394095357359477, "c6": 0.7984370783898602, "c7": 0.40009284343802287}, "datetime": {"datetime": "2023-08-26 13:40:08", "elapsed": 0.0, "delta": 0.0}}
{"target": -9.3104275557745, "params": {"c1": 0.4648414736382015, "c2": 1.2165465424992765, "c3": 0.07163784224316594, "c4": 0.24405024707969503, "c5": 0.22559127158805325, "c6": 0.6884763576326197, "c7": 0.22490786395154905}, "datetime": {"datetime": "2023-08-26 13:40:08", "elapsed": 0.0, "delta": 0.0}}
{"target": -7.396773015057836, "params": {"c1": 0.45259107289161027, "c2": 1.3243294491537063, "c3": 0.8619263217012738, "c4": 0.18550207630446602, "c5": 0.41544037069841466, "c6": 0.3229060233827169, "c7": 0.5468807037828944}, "datetime": {"datetime": "2023-08-26 13:40:08", "elapsed": 0.0, "delta": 0.0}}
{"target": -3.611989056352488, "params": {"c1": 0.613616593271365, "c2": 1.3201721636230523, "c3": 0.0193788872823224, "c4": 0.46612922153643443, "c5": 0.884278872660091, "c6": 0.9027183917630343, "c7": 0.8512085305774201}, "datetime": {"datetime": "2023-08-26 13:40:08", "elapsed": 0.0, "delta": 0.0}}
{"target": -4.005592667604776, "params": {"c1": 0.5775203313184483, "c2": 1.2856196957633652, "c3": 0.15930655425470386, "c4": 0.2960110961734914, "c5": 0.6785260394675534, "c6": 0.812175348383184, "c7": 0.5284057402977003}, "datetime": {"datetime": "2023-08-26 13:40:08", "elapsed": 0.0, "delta": 0.0}}
{"target": -8.144910839880941, "params": {"c1": 0.5889096262517117, "c2": 1.1777104281813067, "c3": 0.9848670494773516, "c4": 0.6553748943598404, "c5": 1.0425917461090635, "c6": 0.33882280868882253, "c7": 0.20271239101955585}, "datetime": {"datetime": "2023-08-26 13:40:08", "elapsed": 0.0, "delta": 0.0}}
{"target": -3.682611731907168, "params": {"c1": 0.3214058702427288, "c2": 1.5910209543998908, "c3": 0.9039820875059168, "c4": 0.6081838478074815, "c5": 0.8779400052610751, "c6": 0.3482322827596357, "c7": 0.7361236788417629}, "datetime": {"datetime": "2023-08-26 13:40:08", "elapsed": 0.0, "delta": 0.0}}
{"target": -2.9061896905015145, "params": {"c1": 0.3926981647225749, "c2": 1.7124628439240572, "c3": 0.8503810285624382, "c4": 0.47143592609472784, "c5": 0.8023443886768264, "c6": 0.2190455045723092, "c7": 0.6740207348190336}, "datetime": {"datetime": "2023-08-26 13:40:08", "elapsed": 0.0, "delta": 0.0}}
{"target": -5.230998569142388, "params": {"c1": 0.36008985008796746, "c2": 1.4230963172834274, "c3": 0.974592319252835, "c4": 0.2898435550193057, "c5": 0.6759842674772363, "c6": 0.4878606203126983, "c7": 0.7418718143460635}, "datetime": {"datetime": "2023-08-26 13:40:08", "elapsed": 0.0, "delta": 0.0}}
{"target": -16.29407913584601, "params": {"c1": 0.8107778150288308, "c2": 0.9807823752695153, "c3": 0.12357186790931718, "c4": 0.3614611688394902, "c5": 1.6392048422446632, "c6": 0.050283123105744454, "c7": 0.051008871114950005}, "datetime": {"datetime": "2023-08-26 13:40:08", "elapsed": 0.0, "delta": 0.0}}
{"target": -3.3765778730962093, "params": {"c1": 0.5461282269780017, "c2": 0.7107313451681658, "c3": 0.40920443917645277, "c4": 0.36313982596702377, "c5": 1.4045776531895724, "c6": 0.21265330390987658, "c7": 0.227318650048965}, "datetime": {"datetime": "2023-08-26 13:40:08", "elapsed": 0.0, "delta": 0.0}}
{"target": -10.518526529580695, "params": {"c1": 0.48407230741086227, "c2": 1.1503798391036861, "c3": 0.4176032040598824, "c4": 0.3488171185297936, "c5": 1.6875840036883294, "c6": 0.013747790408281668, "c7": 0.5418860975800578}, "datetime": {"datetime": "2023-08-26 13:40:08", "elapsed": 0.0, "delta": 0.0}}
{"target": -12.098213355498439, "params": {"c1": 0.9356406434195387, "c2": 0.7637095870854163, "c3": 0.10024382701602674, "c4": 0.06484444232506847, "c5": 1.8283984837626024, "c6": 0.3974631545776466, "c7": 0.99982714966762}, "datetime": {"datetime": "2023-08-26 13:40:08", "elapsed": 0.0, "delta": 0.0}}
{"target": -6.180004801957787, "params": {"c1": 0.5218474623422367, "c2": 1.113587258628977, "c3": 0.9231290558362205, "c4": 0.3993763645320122, "c5": 1.1078339464360962, "c6": 0.037402955948893535, "c7": 0.7810306817905137}, "datetime": {"datetime": "2023-08-26 13:40:08", "elapsed": 0.0, "delta": 0.0}}
{"target": -11.971079902368851, "params": {"c1": 0.46987507795684347, "c2": 1.0108554416640165, "c3": 0.6377140247773635, "c4": 0.42589920523021974, "c5": 1.1572630894001188, "c6": 0.7004921673953315, "c7": 0.12130570927907569}, "datetime": {"datetime": "2023-08-26 13:40:08", "elapsed": 0.0, "delta": 0.0}}
{"target": -7.41500898696544, "params": {"c1": 0.3858273823187124, "c2": 1.0112192140516374, "c3": 0.246272937475034, "c4": 0.27767987838822383, "c5": 1.2247940539242674, "c6": 0.24064909444991656, "c7": 0.1587627781163975}, "datetime": {"datetime": "2023-08-26 13:40:08", "elapsed": 0.0, "delta": 0.0}}
{"target": -4.768750442693511, "params": {"c1": 0.548193002961709, "c2": 0.9780202680732373, "c3": 0.8078305282558782, "c4": 0.12822023104926228, "c5": 0.8003268217839159, "c6": 0.3882403923206488, "c7": 0.42744830142394874}, "datetime": {"datetime": "2023-08-26 13:40:08", "elapsed": 0.0, "delta": 0.0}}
{"target": -2.107474974909274, "params": {"c1": 0.5, "c2": 1.4718382500496292, "c3": 0.753249243606513, "c4": 0.077738673012363, "c5": 0.11976370313479556, "c6": 0.6283561248864289, "c7": 0.06394132175129079}, "datetime": {"datetime": "2023-08-26 13:40:08", "elapsed": 0.0, "delta": 0.0}}
{"target": -1.9039196039338864, "params": {"c1": 0.5, "c2": 0.8945423282726621, "c3": 0.7036619770508518, "c4": 0.3877453323330178, "c5": 1.1443754572081881, "c6": 0.3409014198206005, "c7": 0.41958989507699657}, "datetime": {"datetime": "2023-08-26 13:40:08", "elapsed": 0.0, "delta": 0.0}}
{"target": -2.254093374272701, "params": {"c1": 0.5, "c2": 1.282013343629601, "c3": 0.6362777884848511, "c4": 0.15290297341775647, "c5": 0.44408413951101855, "c6": 0.594235589763057, "c7": 0.28514438160897226}, "datetime": {"datetime": "2023-08-26 13:40:08", "elapsed": 0.0, "delta": 0.0}}
{"target": -5.645087151997504, "params": {"c1": 0.5, "c2": 0.885878916674955, "c3": 0.27494996499743235, "c4": 0.2908503692414071, "c5": 1.555260984615367, "c6": 0.10826440794916538, "c7": 0.3401877973190328}, "datetime": {"datetime": "2023-08-26 13:40:08", "elapsed": 0.0, "delta": 0.0}}
{"target": -2.9588606861163567, "params": {"c1": 0.5, "c2": 0.8188703400872582, "c3": 0.3043089023491228, "c4": 0.3225144564519266, "c5": 1.3631478182753711, "c6": 0.3276559125566518, "c7": 0.0022522856074229584}, "datetime": {"datetime": "2023-08-26 13:40:08", "elapsed": 0.0, "delta": 0.0}}
{"target": -4.190554345909893, "params": {"c1": 0.5, "c2": 1.8685609973298107, "c3": 0.7837820990474116, "c4": 0.6303499194932835, "c5": 0.9510147916081355, "c6": 0.22311934413053003, "c7": 0.4637707656775806}, "datetime": {"datetime": "2023-08-26 13:40:08", "elapsed": 0.0, "delta": 0.0}}
{"target": -2.6583749843985083, "params": {"c1": 0.5, "c2": 0.8862076454255733, "c3": 0.4805496075211794, "c4": 0.3139124726086782, "c5": 1.295661190162885, "c6": 0.21105235938695516, "c7": 0.7669958905221064}, "datetime": {"datetime": "2023-08-26 13:40:08", "elapsed": 0.0, "delta": 0.0}}
{"target": -2.65695005938594, "params": {"c1": 0.5, "c2": 1.658479732222003, "c3": 0.9515375594476047, "c4": 0.4703588978500554, "c5": 0.8752405505590755, "c6": 0.2576456418530666, "c7": 0.553393570259395}, "datetime": {"datetime": "2023-08-26 13:40:08", "elapsed": 0.0, "delta": 0.0}}
{"target": -1.5247849509290934, "params": {"c1": 0.5, "c2": 0.9671459086798763, "c3": 0.7683247104911303, "c4": 0.4214061257721582, "c5": 1.0784116168717575, "c6": 0.4053555962934096, "c7": 0.3436043708658542}, "datetime": {"datetime": "2023-08-26 13:40:08", "elapsed": 0.0, "delta": 0.0}}
{"target": -1.641658862786511, "params": {"c1": 0.5, "c2": 1.2104853405319458, "c3": 0.8251353789018134, "c4": 0.3840793278356752, "c5": 0.8273072594703407, "c6": 0.4578737099398156, "c7": 0.44964286973744866}, "datetime": {"datetime": "2023-08-26 13:40:08", "elapsed": 0.0, "delta": 0.0}}
{"target": -7.705532014243002, "params": {"c1": 0.5, "c2": 1.3443310629785987, "c3": 0.047725582970278776, "c4": 0.2995734537229893, "c5": 0.6194806756512948, "c6": 0.9072076866005315, "c7": 0.7164367919668677}, "datetime": {"datetime": "2023-08-26 13:40:08", "elapsed": 0.0, "delta": 0.0}}
{"target": -1.9952609313687557, "params": {"c1": 0.5, "c2": 1.0620260862194952, "c3": 0.27606379924954155, "c4": 0.2421951648366213, "c5": 0.6229210088028172, "c6": 0.6136994039142993, "c7": 0.4509677444356782}, "datetime": {"datetime": "2023-08-26 13:40:08", "elapsed": 0.0, "delta": 0.0}}
{"target": -2.155472906662875, "params": {"c1": 0.5, "c2": 0.7929049838258542, "c3": 0.39299004453394387, "c4": 0.37661501468087816, "c5": 1.2570843852042033, "c6": 0.320717859307411, "c7": 0.5858348103543654}, "datetime": {"datetime": "2023-08-26 13:40:08", "elapsed": 0.0, "delta": 0.0}}
{"target": -4.363082447728177, "params": {"c1": 0.5, "c2": 0.8656631990577328, "c3": 0.15772288190612746, "c4": 0.21566850069854265, "c5": 0.7291762427958474, "c6": 0.5246562132359791, "c7": 0.4611086389504216}, "datetime": {"datetime": "2023-08-26 13:40:08", "elapsed": 0.0, "delta": 0.0}}
{"target": -1.0241242375089175, "params": {"c1": 0.5, "c2": 1.1864898781288509, "c3": 0.4153118795649345, "c4": 0.2155999230290991, "c5": 0.5265790796123884, "c6": 0.6385965546923783, "c7": 0.41738533449610477}, "datetime": {"datetime": "2023-08-26 13:40:08", "elapsed": 0.0, "delta": 0.0}}
{"target": -2.659853012088105, "params": {"c1": 0.5, "c2": 1.598708861533298, "c3": 0.6735388737411692, "c4": 0.371883561441916, "c5": 1.0235303475641044, "c6": 0.058002084712708964, "c7": 0.825753106462943}, "datetime": {"datetime": "2023-08-26 13:40:08", "elapsed": 0.0, "delta": 0.0}}
{"target": -1.765689055836152, "params": {"c1": 0.5, "c2": 1.1254625946314678, "c3": 0.6200634585536791, "c4": 0.35032157686873355, "c5": 1.1183797656677408, "c6": 0.18474637310466546, "c7": 0.10598437061344657}, "datetime": {"datetime": "2023-08-26 13:40:08", "elapsed": 0.0, "delta": 0.0}}
{"target": -1.0238754473533818, "params": {"c1": 0.5, "c2": 1.1866882088797444, "c3": 0.41553624330599287, "c4": 0.21553555334581245, "c5": 0.5264321882417403, "c6": 0.6386229026270509, "c7": 0.4173348344459057}, "datetime": {"datetime": "2023-08-26 13:40:08", "elapsed": 0.0, "delta": 0.0}}
{"target": -4.285686095672667, "params": {"c1": 0.5, "c2": 1.0131438101447885, "c3": 1.0, "c4": 0.12072070829078901, "c5": 0.4653658189724432, "c6": 0.7141831570192744, "c7": 0.27994069852753267}, "datetime": {"datetime": "2023-08-26 13:40:08", "elapsed": 0.0, "delta": 0.0}}
{"target": -5.6264977157424205, "params": {"c1": 0.5, "c2": 1.6646937539998743, "c3": 0.5546583088089219, "c4": 0.5727052482374386, "c5": 1.197148902731588, "c6": 0.3482556532034281, "c7": 0.052883796546082884}, "datetime": {"datetime": "2023-08-26 13:40:08", "elapsed": 0.0, "delta": 0.0}}
{"target": -10.216139379316505, "params": {"c1": 0.5, "c2": 1.8542089992709265, "c3": 0.07717642964198856, "c4": 0.10022303451267578, "c5": 0.1740768694442274, "c6": 0.6855490446374769, "c7": 0.42028271273435125}, "datetime": {"datetime": "2023-08-26 13:40:08", "elapsed": 0.0, "delta": 0.0}}
{"target": -1.6538739327372025, "params": {"c1": 0.5, "c2": 1.2459505810607345, "c3": 0.3303940082472805, "c4": 0.2423392740300786, "c5": 0.5898081131034312, "c6": 0.6182154752925001, "c7": 0.45013735592520054}, "datetime": {"datetime": "2023-08-26 13:40:08", "elapsed": 0.0, "delta": 0.0}}
{"target": -11.835892408164291, "params": {"c1": 0.5, "c2": 1.3490953130931014, "c3": 0.9304062755949818, "c4": 0.35554267025394526, "c5": 0.0012155449032531518, "c6": 0.7720273076331284, "c7": 0.15996459472346813}, "datetime": {"datetime": "2023-08-26 13:40:08", "elapsed": 0.0, "delta": 0.0}}
{"target": -3.930752071952033, "params": {"c1": 0.5, "c2": 1.3317174084456773, "c3": 0.7503488810346091, "c4": 0.31280572880980384, "c5": 1.0243838526484008, "c6": 0.0, "c7": 1.0}, "datetime": {"datetime": "2023-08-26 13:40:08", "elapsed": 0.0, "delta": 0.0}}
{"target": -1.7635667877950927, "params": {"c1": 0.5, "c2": 1.0739565900658345, "c3": 0.6443723657707842, "c4": 0.37890392574647647, "c5": 1.180297219367476, "c6": 0.2499742523417246, "c7": 0.06187895645495446}, "datetime": {"datetime": "2023-08-26 13:40:08", "elapsed": 0.0, "delta": 0.0}}
{"target": -4.815246628849505, "params": {"c1": 0.5, "c2": 1.860368396773671, "c3": 0.8785379351153273, "c4": 0.9858436274619489, "c5": 1.2161742074634194, "c6": 0.17848387216018458, "c7": 0.4160503191267112}, "datetime": {"datetime": "2023-08-26 13:40:08", "elapsed": 0.0, "delta": 0.0}}
{"target": -1.4246030694309209, "params": {"c1": 0.5, "c2": 1.0627604377078264, "c3": 0.757719860511975, "c4": 0.42351888233113716, "c5": 1.0973348653566684, "c6": 0.3329096453867281, "c7": 0.25149245590364}, "datetime": {"datetime": "2023-08-26 13:40:08", "elapsed": 0.0, "delta": 0.0}}
{"target": -2.6109205831058375, "params": {"c1": 0.5, "c2": 1.089306618694261, "c3": 0.5462081685605908, "c4": 0.24639815945134913, "c5": 1.2898088149256648, "c6": 0.0, "c7": 0.7997187068473707}, "datetime": {"datetime": "2023-08-26 13:40:08", "elapsed": 0.0, "delta": 0.0}}
{"target": -19.7063341855068, "params": {"c1": 0.5, "c2": 1.0111063388591266, "c3": 0.8999703787690684, "c4": 1.0, "c5": 1.487027649092626, "c6": 1.0, "c7": 0.3490892545814777}, "datetime": {"datetime": "2023-08-26 13:40:08", "elapsed": 0.0, "delta": 0.0}}
{"target": -16.587847262388433, "params": {"c1": 0.5, "c2": 1.590079987659343, "c3": 0.8268962391091119, "c4": 0.0, "c5": 0.0, "c6": 0.5880193795217846, "c7": 0.0}, "datetime": {"datetime": "2023-08-26 13:40:08", "elapsed": 0.0, "delta": 0.0}}
{"target": -1.068710246535332, "params": {"c1": 0.5, "c2": 1.2061714935573282, "c3": 0.4337020236618734, "c4": 0.21003723292700197, "c5": 0.5143469082121004, "c6": 0.6400908460334219, "c7": 0.41474922026235134}, "datetime": {"datetime": "2023-08-26 13:40:08", "elapsed": 0.0, "delta": 0.0}}
{"target": -1.141715746535837, "params": {"c1": 0.5, "c2": 1.2154328715453944, "c3": 0.44042272392638704, "c4": 0.2078516858470434, "c5": 0.5097228252526272, "c6": 0.6402054000484684, "c7": 0.4148163068705664}, "datetime": {"datetime": "2023-08-26 13:40:08", "elapsed": 0.0, "delta": 0.0}}
{"target": -1.1037514912207418, "params": {"c1": 0.5, "c2": 1.186667568385087, "c3": 0.35543815646756005, "c4": 0.23139802273038265, "c5": 0.5664480248027921, "c6": 0.6266333416428856, "c7": 0.44286967020625656}, "datetime": {"datetime": "2023-08-26 13:40:08", "elapsed": 0.0, "delta": 0.0}}
{"target": -1.1884164800578725, "params": {"c1": 0.5, "c2": 1.4410530050166783, "c3": 0.7395373670349893, "c4": 0.11569840410358781, "c5": 0.16599623289766308, "c6": 0.6280453623763593, "c7": 0.11080108061317423}, "datetime": {"datetime": "2023-08-26 13:40:08", "elapsed": 0.0, "delta": 0.0}}
{"target": -1.5267611645867953, "params": {"c1": 0.5, "c2": 1.225941476369367, "c3": 0.46668390641382274, "c4": 0.19865300155181234, "c5": 0.507070421863834, "c6": 0.6405835726803533, "c7": 0.3941346807421061}, "datetime": {"datetime": "2023-08-26 13:40:08", "elapsed": 0.0, "delta": 0.0}}
{"target": -1.2885381166862355, "params": {"c1": 0.5, "c2": 1.197000108838456, "c3": 0.42680883978603656, "c4": 0.21522996020004623, "c5": 0.48845264324193655, "c6": 0.6432329005905498, "c7": 0.4359892179968751}, "datetime": {"datetime": "2023-08-26 13:40:08", "elapsed": 0.0, "delta": 0.0}}
{"target": -2.11292721153241, "params": {"c1": 0.5, "c2": 1.2874976451815248, "c3": 0.6984558885902212, "c4": 0.1378722766921486, "c5": 0.41488292209647526, "c6": 0.5290218935073734, "c7": 0.228211220929469}, "datetime": {"datetime": "2023-08-26 13:40:08", "elapsed": 0.0, "delta": 0.0}}
{"target": -1.0823620169309147, "params": {"c1": 0.5, "c2": 1.2115068420035928, "c3": 0.43555607090564036, "c4": 0.20959197738998542, "c5": 0.5107780292152881, "c6": 0.6400999341859765, "c7": 0.4174633633042807}, "datetime": {"datetime": "2023-08-26 13:40:08", "elapsed": 0.0, "delta": 0.0}}
{"target": -1.934961960819661, "params": {"c1": 0.5, "c2": 1.1763244514872346, "c3": 0.3163596615156826, "c4": 0.23080659022803784, "c5": 0.6394326193097929, "c6": 0.621740821398075, "c7": 0.4159318549892438}, "datetime": {"datetime": "2023-08-26 13:40:08", "elapsed": 0.0, "delta": 0.0}}
