{"target": -1.7770040420581579, "params": {"c1": 0.5, "c2": 1.2037801050651706, "c3": 0.48333353891672265, "c4": 0.19567751903305758, "c5": 0.41266741928494943, "c6": 0.6603268987130363, "c7": 0.41180633129786703}, "datetime": {"datetime": "2023-08-26 13:40:08", "elapsed": 0.0, "delta": 0.0}}
{"target": -3.1993492675213333, "params": {"c1": 0.5, "c2": 1.3168509969107438, "c3": 0.7513719960838445, "c4": 0.13311892277462656, "c5": 0.4150266448977738, "c6": 0.589140640081788, "c7": 0.26034647969941643}, "datetime": {"datetime": "2023-08-26 13:40:08", "elapsed": 0.0, "delta": 0.0}}
{"target": -4.106718441525259, "params": {"c1": 0.5, "c2": 1.0597690334012306, "c3": 0.23960609962607213, "c4": 0.26223347897394145, "c5": 0.5874778584074166, "c6": 0.5889438641222735, "c7": 0.4869729029710986}, "datetime": {"datetime": "2023-08-26 13:40:08", "elapsed": 0.0, "delta": 0.0}}
{"target": -1.1527602902082381, "params": {"c1": 0.5, "c2": 1.1855181191374167, "c3": 0.34871670671765403, "c4": 0.23061292925696042, "c5": 0.5836792718463583, "c6": 0.6253652463930791, "c7": 0.43480106551217634}, "datetime": {"datetime": "2023-08-26 13:40:08", "elapsed": 0.0, "delta": 0.0}}
{"target": -1.7529079673825174, "params": {"c1": 0.5, "c2": 1.279028922688984, "c3": 0.6247823794130548, "c4": 0.15743435827327368, "c5": 0.41492709483887324, "c6": 0.5553866929078625, "c7": 0.27046703022056856}, "datetime": {"datetime": "2023-08-26 13:40:08", "elapsed": 0.0, "delta": 0.0}}
{"target": -1.5795571795830283, "params": {"c1": 0.5, "c2": 1.1673935661059436, "c3": 0.27559189209751167, "c4": 0.26107459911416947, "c5": 0.6038123832682729, "c6": 0.6270906949645633, "c7": 0.49257142493879347}, "datetime": {"datetime": "2023-08-26 13:40:08", "elapsed": 0.0, "delta": 0.0}}
{"target": -1.101285311442015, "params": {"c1": 0.5, "c2": 1.211029502391828, "c3": 0.43701853499919213, "c4": 0.20898895354854805, "c5": 0.5117544644109175, "c6": 0.6401732717692423, "c7": 0.41510300869748706}, "datetime": {"datetime": "2023-08-26 13:40:08", "elapsed": 0.0, "delta": 0.0}}
{"target": -1.0693053215744932, "params": {"c1": 0.5, "c2": 1.1553966987782647, "c3": 0.354778421370044, "c4": 0.22811940268683234, "c5": 0.5763003954606591, "c6": 0.6261441335459321, "c7": 0.4268126187856717}, "datetime": {"datetime": "2023-08-26 13:40:08", "elapsed": 0.0, "delta": 0.0}}
{"target": -2.450569965200026, "params": {"c1": 0.5, "c2": 1.2613218695107822, "c3": 0.6884837742526739, "c4": 0.13907168744502893, "c5": 0.44658987254542504, "c6": 0.5780752721489445, "c7": 0.23438893205913733}, "datetime": {"datetime": "2023-08-26 13:40:08", "elapsed": 0.0, "delta": 0.0}}
{"target": -1.9193988637756916, "params": {"c1": 0.5, "c2": 1.082687119437581, "c3": 0.3160729933124525, "c4": 0.2452214576989506, "c5": 0.5897433693308718, "c6": 0.6370496805367739, "c7": 0.46380618303342136}, "datetime": {"datetime": "2023-08-26 13:40:08", "elapsed": 0.0, "delta": 0.0}}
{"target": -1.1047790631966512, "params": {"c1": 0.5, "c2": 1.2453639802865584, "c3": 0.4579572270185786, "c4": 0.20235096383039441, "c5": 0.4742896705679953, "c6": 0.6396759024582321, "c7": 0.4296035225635817}, "datetime": {"datetime": "2023-08-26 13:40:08", "elapsed": 0.0, "delta": 0.0}}
{"target": -3.5407900979081153, "params": {"c1": 0.5, "c2": 1.0747672636324943, "c3": 0.32794283395019375, "c4": 0.2269568465715121, "c5": 0.5389495149514777, "c6": 0.5992673829125345, "c7": 0.4224798446039251}, "datetime": {"datetime": "2023-08-26 13:40:08", "elapsed": 0.0, "delta": 0.0}}
{"target": -1.9084608339772606, "params": {"c1": 0.5, "c2": 1.3231284002212589, "c3": 0.4669578864116483, "c4": 0.2073211557414009, "c5": 0.47256721776578137, "c6": 0.6334329533292729, "c7": 0.4753929323936546}, "datetime": {"datetime": "2023-08-26 13:40:08", "elapsed": 0.0, "delta": 0.0}}
{"target": -1.6076059013556587, "params": {"c1": 0.5, "c2": 0.9795089566368197, "c3": 0.19413828636248706, "c4": 0.23651399886835447, "c5": 0.7165239140168205, "c6": 0.5916923576999104, "c7": 0.4365643593370536}, "datetime": {"datetime": "2023-08-26 13:40:08", "elapsed": 0.0, "delta": 0.0}}
{"target": -2.6486547971496943, "params": {"c1": 0.5, "c2": 1.2349430737833398, "c3": 0.313683726867742, "c4": 0.2557265336983437, "c5": 0.6335617533559526, "c6": 0.6473776980591868, "c7": 0.4460346336061494}, "datetime": {"datetime": "2023-08-26 13:40:08", "elapsed": 0.0, "delta": 0.0}}
{"target": -1.3632396176891959, "params": {"c1": 0.5, "c2": 1.0923834198895728, "c3": 0.6446312148417497, "c4": 0.3704174967101257, "c5": 1.1353662479173212, "c6": 0.2435616769812745, "c7": 0.10241559108122286}, "datetime": {"datetime": "2023-08-26 13:40:08", "elapsed": 0.0, "delta": 0.0}}
{"target": -1.8076236407436999, "params": {"c1": 0.5, "c2": 1.169140717292244, "c3": 0.5275062198551871, "c4": 0.19826570918701686, "c5": 0.43942652186192893, "c6": 0.656461559827445, "c7": 0.31153265308552064}, "datetime": {"datetime": "2023-08-26 13:40:08", "elapsed": 0.0, "delta": 0.0}}
{"target": -1.086570355292141, "params": {"c1": 0.5, "c2": 1.2067085274314682, "c3": 0.4282968676468796, "c4": 0.20831714550408467, "c5": 0.5182936773672652, "c6": 0.6354067587987019, "c7": 0.41551386134597446}, "datetime": {"datetime": "2023-08-26 13:40:08", "elapsed": 0.0, "delta": 0.0}}
{"target": -1.4999262331270864, "params": {"c1": 0.5, "c2": 0.9806471952818668, "c3": 0.7544711895519142, "c4": 0.4111834475985957, "c5": 1.0910888934106118, "c6": 0.36264075600054707, "c7": 0.32907164655645865}, "datetime": {"datetime": "2023-08-26 13:40:08", "elapsed": 0.0, "delta": 0.0}}
{"target": -2.099267746128555, "params": {"c1": 0.5, "c2": 1.2511248390843333, "c3": 0.8433163713801428, "c4": 0.41406147101140345, "c5": 0.851685387641958, "c6": 0.4091861876591287, "c7": 0.4584483810701606}, "datetime": {"datetime": "2023-08-26 13:40:08", "elapsed": 0.0, "delta": 0.0}}
{"target": -2.1176079404235644, "params": {"c1": 0.5, "c2": 1.1909680940704128, "c3": 0.19698097154343777, "c4": 0.24001243968221386, "c5": 0.6656267072912193, "c6": 0.6136326500385658, "c7": 0.5137176911488459}, "datetime": {"datetime": "2023-08-26 13:40:08", "elapsed": 0.0, "delta": 0.0}}
{"target": -2.043723005560002, "params": {"c1": 0.5, "c2": 1.2943698899809128, "c3": 0.42049156863418435, "c4": 0.19208711724410216, "c5": 0.49856820352747705, "c6": 0.6184464182158907, "c7": 0.44451608591587227}, "datetime": {"datetime": "2023-08-26 13:40:08", "elapsed": 0.0, "delta": 0.0}}
{"target": -1.4740464534920799, "params": {"c1": 0.5, "c2": 1.113347769700656, "c3": 0.7545327915387469, "c4": 0.4273284960482671, "c5": 1.0503877370779808, "c6": 0.36133747787777, "c7": 0.2312849302914404}, "datetime": {"datetime": "2023-08-26 13:40:08", "elapsed": 0.0, "delta": 0.0}}
{"target": -4.215473120067265, "params": {"c1": 0.5, "c2": 1.2480754511544625, "c3": 1.0, "c4": 0.08388004737533057, "c5": 0.36988015080652625, "c6": 0.5187012875636147, "c7": 0.1698842176665208}, "datetime": {"datetime": "2023-08-26 13:40:08", "elapsed": 0.0, "delta": 0.0}}
{"target": -1.4597335886316298, "params": {"c1": 0.5, "c2": 1.110895554231712, "c3": 0.6656508669494213, "c4": 0.38412172672765105, "c5": 1.1467878393304571, "c6": 0.23457253087238866, "c7": 0.09917036008055487}, "datetime": {"datetime": "2023-08-26 13:40:08", "elapsed": 0.0, "delta": 0.0}}
{"target": -1.9932718413721722, "params": {"c1": 0.5, "c2": 1.186504293419651, "c3": 0.8593277498924647, "c4": 0.34680120404014964, "c5": 0.793037454556015, "c6": 0.43109226729836186, "c7": 0.5200106230823403}, "datetime": {"datetime": "2023-08-26 13:40:08", "elapsed": 0.0, "delta": 0.0}}
{"target": -1.4854318664814374, "params": {"c1": 0.5, "c2": 1.130896483180156, "c3": 0.8068583965503381, "c4": 0.36328099599580094, "c5": 0.8686352647040121, "c6": 0.44560812047357423, "c7": 0.4114064586204673}, "datetime": {"datetime": "2023-08-26 13:40:08", "elapsed": 0.0, "delta": 0.0}}
{"target": -1.7142919071172045, "params": {"c1": 0.5, "c2": 1.0610294135199791, "c3": 0.7762421174923839, "c4": 0.4385609258445388, "c5": 1.0795873744681737, "c6": 0.38856587865110087, "c7": 0.2876120416847208}, "datetime": {"datetime": "2023-08-26 13:40:08", "elapsed": 0.0, "delta": 0.0}}
{"target": -1.0325042576626438, "params": {"c1": 0.5, "c2": 1.195832656019158, "c3": 0.422490003082977, "c4": 0.21394839890965525, "c5": 0.5319145301880808, "c6": 0.6268087840095296, "c7": 0.4167503136958037}, "datetime": {"datetime": "2023-08-26 13:40:08", "elapsed": 0.0, "delta": 0.0}}
{"target": -2.4881691694437555, "params": {"c1": 0.5, "c2": 0.8339021732162475, "c3": 0.4491908477908941, "c4": 0.3474456281369252, "c5": 1.3000653998824376, "c6": 0.25832149112891367, "c7": 0.6376871016003374}, "datetime": {"datetime": "2023-08-26 13:40:08", "elapsed": 0.0, "delta": 0.0}}
{"target": -1.1546986158471906, "params": {"c1": 0.5, "c2": 1.193705472065607, "c3": 0.43883392865729576, "c4": 0.19761428730737313, "c5": 0.501316309751476, "c6": 0.6460422741617764, "c7": 0.3990365120828184}, "datetime": {"datetime": "2023-08-26 13:40:08", "elapsed": 0.0, "delta": 0.0}}
{"target": -1.220370349561446, "params": {"c1": 0.5, "c2": 0.9976101285956281, "c3": 0.21499127503421236, "c4": 0.20762005831254582, "c5": 0.6931297959858548, "c6": 0.5987356003132909, "c7": 0.4661454902588184}, "datetime": {"datetime": "2023-08-26 13:40:08", "elapsed": 0.0, "delta": 0.0}}
{"target": -2.2943217103697906, "params": {"c1": 0.5, "c2": 1.319813308001991, "c3": 0.6765281374414404, "c4": 0.14371577533136048, "c5": 0.423364420994317, "c6": 0.5565228134417197, "c7": 0.27986514210056795}, "datetime": {"datetime": "2023-08-26 13:40:08", "elapsed": 0.0, "delta": 0.0}}
{"target": -1.0911573693342453, "params": {"c1": 0.5, "c2": 1.2358712990129508, "c3": 0.455427043450919, "c4": 0.20691837951114303, "c5": 0.48503232804048413, "c6": 0.6422854356350217, "c7": 0.4259528957530235}, "datetime": {"datetime": "2023-08-26 13:40:08", "elapsed": 0.0, "delta": 0.0}}
{"target": -2.1414451767940568, "params": {"c1": 0.5, "c2": 1.0545193234517165, "c3": 0.5389422970952715, "c4": 0.29918175966384414, "c5": 1.2564844203623748, "c6": 0.06043909988591644, "c7": 0.7877931442188819}, "datetime": {"datetime": "2023-08-26 13:40:08", "elapsed": 0.0, "delta": 0.0}}
{"target": -2.894389333815936, "params": {"c1": 0.5, "c2": 1.4158223594900001, "c3": 0.628775975869667, "c4": 0.08337661148920827, "c5": 0.27645401616039167, "c6": 0.583813760029143, "c7": 0.09295086931828977}, "datetime": {"datetime": "2023-08-26 13:40:08", "elapsed": 0.0, "delta": 0.0}}
{"target": -2.0162007978071084, "params": {"c1": 0.5, "c2": 1.2823648166952983, "c3": 0.6689655078227339, "c4": 0.1445513496850592, "c5": 0.389980647388334, "c6": 0.6105490133841288, "c7": 0.25086917698270655}, "datetime": {"datetime": "2023-08-26 13:40:08", "elapsed": 0.0, "delta": 0.0}}
{"target": -1.141864712942848, "params": {"c1": 0.5, "c2": 1.1927335224031064, "c3": 0.4134708426362824, "c4": 0.21208067115331056, "c5": 0.5376873797406205, "c6": 0.6383947147841654, "c7": 0.4051910744147089}, "datetime": {"datetime": "2023-08-26 13:40:08", "elapsed": 0.0, "delta": 0.0}}
{"target": -1.089719834134449, "params": {"c1": 0.5, "c2": 1.2292277833874292, "c3": 0.4507575610782974, "c4": 0.20380707584712918, "c5": 0.48728028475006274, "c6": 0.6399439125895452, "c7": 0.42332813617036164}, "datetime": {"datetime": "2023-08-26 13:40:08", "elapsed": 0.0, "delta": 0.0}}
{"target": -3.002637289365191, "params": {"c1": 0.5, "c2": 1.664244134489557, "c3": 0.8423406684090364, "c4": 0.4545568355994706, "c5": 0.8983384444459026, "c6": 0.19732014402052908, "c7": 0.6133734213618752}, "datetime": {"datetime": "2023-08-26 13:40:08", "elapsed": 0.0, "delta": 0.0}}
{"target": -1.2754581115989423, "params": {"c1": 0.5, "c2": 1.4641821615178316, "c3": 0.7464430538573139, "c4": 0.10684566733687446, "c5": 0.14514569360750937, "c6": 0.6213326348241164, "c7": 0.11101566615822905}, "datetime": {"datetime": "2023-08-26 13:40:08", "elapsed": 0.0, "delta": 0.0}}
{"target": -1.4995961744044133, "params": {"c1": 0.5, "c2": 1.4248032956190892, "c3": 0.7374430192322463, "c4": 0.11046396702690071, "c5": 0.1749600965349461, "c6": 0.636198765186944, "c7": 0.08870088152233643}, "datetime": {"datetime": "2023-08-26 13:40:08", "elapsed": 0.0, "delta": 0.0}}
{"target": -2.3096269577182804, "params": {"c1": 0.5, "c2": 1.4037500091436657, "c3": 0.6424651435024856, "c4": 0.14449252188394404, "c5": 0.2609583021113225, "c6": 0.6860155252123364, "c7": 0.17536750945438737}, "datetime": {"datetime": "2023-08-26 13:40:08", "elapsed": 0.0, "delta": 0.0}}
{"target": -1.5864368609354031, "params": {"c1": 0.5, "c2": 1.4325579637115822, "c3": 0.7523368382927917, "c4": 0.12171108000895328, "c5": 0.15781233433707423, "c6": 0.6068178244318405, "c7": 0.1159391835021614}, "datetime": {"datetime": "2023-08-26 13:40:08", "elapsed": 0.0, "delta": 0.0}}
{"target": -1.5078232015389215, "params": {"c1": 0.5, "c2": 1.4513015780170555, "c3": 0.7311797665166765, "c4": 0.11392283554008614, "c5": 0.16918165137731636, "c6": 0.6402331720464075, "c7": 0.11481785539953028}, "datetime": {"datetime": "2023-08-26 13:40:08", "elapsed": 0.0, "delta": 0.0}}
