{"target": -4.053696166601421, "params": {"c1": 0.3469182720355636, "c2": 1.1633143104587547, "c3": 0.7329547393595115, "c4": 0.2614843295082149, "c5": 1.0536762599943588, "c6": 0.0560739955113535, "c7": 0.7490668154078852}, "datetime": {"datetime": "2023-08-26 13:40:08", "elapsed": 0.0, "delta": 0.0}}
{"target": -4.360161123444438, "params": {"c1": 0.33278141198399847, "c2": 0.6695641257709566, "c3": 0.40218393456252843, "c4": 0.20633417283858158, "c5": 0.8847730924553028, "c6": 0.39897186405039053, "c7": 0.16663637988239255}, "datetime": {"datetime": "2023-08-26 13:40:08", "elapsed": 0.0, "delta": 0.0}}
{"target": -10.3686643240843, "params": {"c1": 0.5509978018652011, "c2": 1.1847540024427539, "c3": 0.5965423346272521, "c4": 0.3207353864746959, "c5": 1.7423671661373747, "c6": 0.021893190533225915, "c7": 0.0112217126416555}, "datetime": {"datetime": "2023-08-26 13:40:08", "elapsed": 0.0, "delta": 0.0}}
{"target": -7.09472568178977, "params": {"c1": 0.4307369291404578, "c2": 0.7375526398026071, "c3": 0.29094815433504795, "c4": 0.3185966353919387, "c5": 1.2205993448669255, "c6": 0.007475251201626176, "c7": 0.7909059468770198}, "datetime": {"datetime": "2023-08-26 13:40:08", "elapsed": 0.0, "delta": 0.0}}
{"target": -7.748627649190913, "params": {"c1": 0.2187951864909622, "c2": 1.5252022356345216, "c3": 0.8435495618748645, "c4": 0.20700127163230653, "c5": 0.7725466455171479, "c6": 0.06288562150260557, "c7": 0.3730059732888348}, "datetime": {"datetime": "2023-08-26 13:40:08", "elapsed": 0.0, "delta": 0.0}}
{"target": -4.37690455756783, "params": {"c1": 0.41880382194921906, "c2": 1.891676275829129, "c3": 0.6894632467729179, "c4": 0.9937061835997526, "c5": 1.1007950887674878, "c6": 0.4225225557726193, "c7": 0.20507090338166012}, "datetime": {"datetime": "2023-08-26 13:40:08", "elapsed": 0.0, "delta": 0.0}}
{"target": -14.257341275696914, "params": {"c1": 0.7697679224217304, "c2": 1.8465175399704694, "c3": 0.6622475828409614, "c4": 0.7529242656036499, "c5": 1.3424857927316078, "c6": 0.5114744203563252, "c7": 0.013351401498833957}, "datetime": {"datetime": "2023-08-26 13:40:08", "elapsed": 0.0, "delta": 0.0}}
{"target": -24.498493084959303, "params": {"c1": 0.12766255366145662, "c2": 1.8459551424317573, "c3": 0.37056718546757195, "c4": 0.8601822795420985, "c5": 1.0406023897617238, "c6": 0.6084550665652033, "c7": 0.15567124951769196}, "datetime": {"datetime": "2023-08-26 13:40:08", "elapsed": 0.0, "delta": 0.0}}
{"target": -2.023581617516717, "params": {"c1": 0.3203938951437705, "c2": 1.613572989195822, "c3": 0.3054816606730081, "c4": 0.5959092521848414, "c5": 1.0667443859216172, "c6": 0.1252454186128349, "c7": 0.32263967977392594}, "datetime": {"datetime": "2023-08-26 13:40:08", "elapsed": 0.0, "delta": 0.0}}
{"target": -2.202021747243659, "params": {"c1": 0.2446624459936, "c2": 1.7067712142756435, "c3": 0.3703876024684625, "c4": 0.5212968284618504, "c5": 0.9794650387483934, "c6": 0.13448075396089443, "c7": 0.366163030681253}, "datetime": {"datetime": "2023-08-26 13:40:08", "elapsed": 0.0, "delta": 0.0}}
{"target": -3.122229418241834, "params": {"c1": 0.3125034706610309, "c2": 1.729460685749573, "c3": 0.21133571967958842, "c4": 0.6044039840726313, "c5": 1.1019987277414405, "c6": 0.015921750139039514, "c7": 0.466202816203392}, "datetime": {"datetime": "2023-08-26 13:40:08", "elapsed": 0.0, "delta": 0.0}}
{"target": -6.151022674598949, "params": {"c1": 0.24655973439900525, "c2": 1.6881218162711513, "c3": 0.7501916797917209, "c4": 0.32880241893761997, "c5": 1.039830727300266, "c6": 0.18832987706075344, "c7": 0.00382720380011059}, "datetime": {"datetime": "2023-08-26 13:40:08", "elapsed": 0.0, "delta": 0.0}}
{"target": -3.5959079459832792, "params": {"c1": 0.24744515069669593, "c2": 1.956680011696758, "c3": 0.9495636946476843, "c4": 0.5710443733516302, "c5": 0.9045311717199152, "c6": 0.19895673088410615, "c7": 0.40989865646384205}, "datetime": {"datetime": "2023-08-26 13:40:08", "elapsed": 0.0, "delta": 0.0}}
{"target": -3.504777361858837, "params": {"c1": 0.4109823584935587, "c2": 1.6018490667943712, "c3": 0.9169301066744725, "c4": 0.8608705062684621, "c5": 1.1442303129327103, "c6": 0.12286655640435484, "c7": 0.2607746736224834}, "datetime": {"datetime": "2023-08-26 13:40:08", "elapsed": 0.0, "delta": 0.0}}
{"target": -8.533620106514858, "params": {"c1": 0.5330391844008134, "c2": 0.8618842631768242, "c3": 0.4946377719424493, "c4": 0.13375419849405945, "c5": 1.6196802716254164, "c6": 0.031010748653722442, "c7": 0.8331809092809545}, "datetime": {"datetime": "2023-08-26 13:40:08", "elapsed": 0.0, "delta": 0.0}}
{"target": -3.7410055333358465, "params": {"c1": 0.4187846342094359, "c2": 1.5333330441774444, "c3": 0.6655827249847238, "c4": 0.4454963240217349, "c5": 0.94791480941371, "c6": 0.10705263720398063, "c7": 0.43213182440482034}, "datetime": {"datetime": "2023-08-26 13:40:08", "elapsed": 0.0, "delta": 0.0}}
{"target": -3.063104060604404, "params": {"c1": 0.4791436357408886, "c2": 1.2194555902347102, "c3": 0.8568025902061005, "c4": 0.26174615932778234, "c5": 0.7481462111233743, "c6": 0.32051927215504483, "c7": 0.8034673713217197}, "datetime": {"datetime": "2023-08-26 13:40:08", "elapsed": 0.0, "delta": 0.0}}
{"target": -4.526141835205381, "params": {"c1": 0.12738847226176264, "c2": 1.9758722062002887, "c3": 0.8353431008802664, "c4": 0.8993916049390368, "c5": 1.0273586520208142, "c6": 0.11438483228627393, "c7": 0.052580338450309294}, "datetime": {"datetime": "2023-08-26 13:40:08", "elapsed": 0.0, "delta": 0.0}}
{"target": -5.376104896788266, "params": {"c1": 0.467607413367232, "c2": 1.8412376988788384, "c3": 0.6180831316241996, "c4": 0.5052993394230006, "c5": 1.2775953570497725, "c6": 0.022046089886101794, "c7": 0.29526197275177546}, "datetime": {"datetime": "2023-08-26 13:40:08", "elapsed": 0.0, "delta": 0.0}}
{"target": -5.156691741041224, "params": {"c1": 0.5110851685910748, "c2": 0.7786294086130687, "c3": 0.5860125691223511, "c4": 0.252434559606195, "c5": 0.9608044444298016, "c6": 0.2842624509868453, "c7": 0.7212373783818098}, "datetime": {"datetime": "2023-08-26 13:40:08", "elapsed": 0.0, "delta": 0.0}}
{"target": -5.874579020819332, "params": {"c1": 0.3003998473882282, "c2": 1.6991693764749094, "c3": 0.7896402104577527, "c4": 0.9021383696673477, "c5": 0.9287539868268488, "c6": 0.1328810727389691, "c7": 0.12056722550648347}, "datetime": {"datetime": "2023-08-26 13:40:08", "elapsed": 0.0, "delta": 0.0}}
{"target": -8.14551842805135, "params": {"c1": 0.4411741107369439, "c2": 1.9930862078757121, "c3": 0.8322853855101067, "c4": 0.8658531622554686, "c5": 1.37353264353684, "c6": 0.2214182985661135, "c7": 0.1699656332421654}, "datetime": {"datetime": "2023-08-26 13:40:08", "elapsed": 0.0, "delta": 0.0}}
{"target": -5.558919318400597, "params": {"c1": 0.5593045612255727, "c2": 1.753133577875274, "c3": 0.8829029481024647, "c4": 0.587272088906085, "c5": 1.0787717498759921, "c6": 0.06184450186842383, "c7": 0.6886935742707513}, "datetime": {"datetime": "2023-08-26 13:40:08", "elapsed": 0.0, "delta": 0.0}}
{"target": -13.248947447833157, "params": {"c1": 0.09688609167047846, "c2": 1.664946418703403, "c3": 0.7689192747885465, "c4": 0.9612229050155896, "c5": 1.2048848376708814, "c6": 0.138833573322794, "c7": 0.35284189451864023}, "datetime": {"datetime": "2023-08-26 13:40:08", "elapsed": 0.0, "delta": 0.0}}
{"target": -4.68621141637925, "params": {"c1": 0.46626626136342697, "c2": 1.1566214050556969, "c3": 0.4925405050531724, "c4": 0.4644908201633384, "c5": 1.1491738935554112, "c6": 0.08097792997205466, "c7": 0.7697495050257522}, "datetime": {"datetime": "2023-08-26 13:40:08", "elapsed": 0.0, "delta": 0.0}}
{"target": -4.077253601974953, "params": {"c1": 0.5140713489077997, "c2": 1.2916497859978968, "c3": 0.9130737200811254, "c4": 0.09280158229264035, "c5": 0.3924855730474377, "c6": 0.528537769166861, "c7": 0.20951320386083805}, "datetime": {"datetime": "2023-08-26 13:40:08", "elapsed": 0.0, "delta": 0.0}}
{"target": -9.857773703716969, "params": {"c1": 0.33125620761046726, "c2": 0.9277234196198327, "c3": 0.9162021295396217, "c4": 0.14598747455016725, "c5": 0.7412687827446525, "c6": 0.1863248403433494, "c7": 0.570519194590614}, "datetime": {"datetime": "2023-08-26 13:40:08", "elapsed": 0.0, "delta": 0.0}}
{"target": -3.536386919335804, "params": {"c1": 0.40891856943149896, "c2": 1.1840466110088752, "c3": 0.6751250119625796, "c4": 0.35438034323167233, "c5": 0.9044467975440931, "c6": 0.4041389451156503, "c7": 0.0409716634967221}, "datetime": {"datetime": "2023-08-26 13:40:08", "elapsed": 0.0, "delta": 0.0}}
{"target": -3.774561892652992, "params": {"c1": 0.6501361340949819, "c2": 1.4223024384611858, "c3": 0.2638716441570622, "c4": 0.4207869913904452, "c5": 0.7930371841188872, "c6": 0.7884291789363165, "c7": 0.8524435732212885}, "datetime": {"datetime": "2023-08-26 13:40:08", "elapsed": 0.0, "delta": 0.0}}
{"target": -2.1640311537734473, "params": {"c1": 0.3484851229149585, "c2": 1.4158223594900001, "c3": 0.628775975869667, "c4": 0.08337661148920827, "c5": 0.27645401616039167, "c6": 0.583813760029143, "c7": 0.09295086931828977}, "datetime": {"datetime": "2023-08-26 13:40:08", "elapsed": 0.0, "delta": 0.0}}
{"target": -7.602580737014484, "params": {"c1": 0.4499035940799283, "c2": 1.6904109892441388, "c3": 0.20849945274290585, "c4": 0.023356210802770283, "c5": 0.2188722973870536, "c6": 0.5015218371124204, "c7": 0.12239581457347404}, "datetime": {"datetime": "2023-08-26 13:40:08", "elapsed": 0.0, "delta": 0.0}}
{"target": -9.003197099160333, "params": {"c1": 0.13210770417736817, "c2": 1.9798219983144267, "c3": 0.34125598103692034, "c4": 0.3830879395011243, "c5": 1.091444882216107, "c6": 0.09116542463984323, "c7": 0.3036468231675301}, "datetime": {"datetime": "2023-08-26 13:40:08", "elapsed": 0.0, "delta": 0.0}}
{"target": -3.4330370470058624, "params": {"c1": 0.4133299978325141, "c2": 1.1993223073284778, "c3": 0.8410012339284761, "c4": 0.19179446436124847, "c5": 0.34761932854957833, "c6": 0.7089382983493799, "c7": 0.07411670628470657}, "datetime": {"datetime": "2023-08-26 13:40:08", "elapsed": 0.0, "delta": 0.0}}
{"target": -11.325311154188913, "params": {"c1": 0.9231935193377806, "c2": 1.391635958706267, "c3": 0.6110050071882998, "c4": 0.36215383359441855, "c5": 0.9805657780129153, "c6": 0.5150610982675721, "c7": 0.9484278952989164}, "datetime": {"datetime": "2023-08-26 13:40:08", "elapsed": 0.0, "delta": 0.0}}
{"target": -13.5657925034836, "params": {"c1": 0.7415450483757152, "c2": 1.9134158924318392, "c3": 0.21590469965168324, "c4": 0.600823076007833, "c5": 1.1097445187175838, "c6": 0.3159540923832279, "c7": 0.9653685618907467}, "datetime": {"datetime": "2023-08-26 13:40:08", "elapsed": 0.0, "delta": 0.0}}
{"target": -8.141285745366508, "params": {"c1": 0.6111633435417255, "c2": 1.4858522029533614, "c3": 0.6590179583669995, "c4": 0.8493174394659105, "c5": 1.4159449509523787, "c6": 0.8952600419583526, "c7": 0.3930913044662758}, "datetime": {"datetime": "2023-08-26 13:40:08", "elapsed": 0.0, "delta": 0.0}}
{"target": -7.920117873577649, "params": {"c1": 0.36675861278223365, "c2": 1.1307920496001216, "c3": 0.42581799838090395, "c4": 0.007434433132463392, "c5": 0.2586271760140282, "c6": 0.6638657148231922, "c7": 0.19016799448759814}, "datetime": {"datetime": "2023-08-26 13:40:08", "elapsed": 0.0, "delta": 0.0}}
{"target": -2.345521956567155, "params": {"c1": 0.5468535978077568, "c2": 1.5518433806705316, "c3": 0.8116088821699206, "c4": 0.08950943011070833, "c5": 0.0676236109471946, "c6": 0.5758626584420319, "c7": 0.11094445868205616}, "datetime": {"datetime": "2023-08-26 13:40:08", "elapsed": 0.0, "delta": 0.0}}
{"target": -4.810085053687128, "params": {"c1": 0.44091846089090236, "c2": 1.4820276406945663, "c3": 0.8212095575326076, "c4": 0.21125429295640075, "c5": 0.3538773966534752, "c6": 0.728035575798258, "c7": 0.21582045422511043}, "datetime": {"datetime": "2023-08-26 13:40:08", "elapsed": 0.0, "delta": 0.0}}
{"target": -10.48681723934119, "params": {"c1": 0.5340064820084638, "c2": 1.6064599530777377, "c3": 0.8237013170265794, "c4": 0.0037007285334508255, "c5": 0.07766478328691684, "c6": 0.46974559727149123, "c7": 0.31853283339682525}, "datetime": {"datetime": "2023-08-26 13:40:08", "elapsed": 0.0, "delta": 0.0}}
{"target": -6.368361305679978, "params": {"c1": 0.11780321195941346, "c2": 0.4537206928532822, "c3": 0.4593401957227375, "c4": 0.42338795608190494, "c5": 0.8714194471641676, "c6": 0.3486414960399179, "c7": 0.08578550438757493}, "datetime": {"datetime": "2023-08-26 13:40:08", "elapsed": 0.0, "delta": 0.0}}
{"target": -13.48169455032619, "params": {"c1": 0.3535922382928577, "c2": 1.67786019866127, "c3": 0.8001923971684027, "c4": 0.2456403036603365, "c5": 0.12235994065967226, "c6": 0.4287610625957904, "c7": 0.05805136433228353}, "datetime": {"datetime": "2023-08-26 13:40:08", "elapsed": 0.0, "delta": 0.0}}
{"target": -4.238523818406301, "params": {"c1": 0.5395180052377662, "c2": 1.466035935038169, "c3": 0.5949980907086717, "c4": 0.07122276494844859, "c5": 0.12009911696102837, "c6": 0.6106740174135797, "c7": 0.2706461128521216}, "datetime": {"datetime": "2023-08-26 13:40:08", "elapsed": 0.0, "delta": 0.0}}
{"target": -8.420586359062725, "params": {"c1": 0.8879006046873726, "c2": 1.408396477989587, "c3": 0.7833908324801977, "c4": 0.0802236536948735, "c5": 0.01601786311706821, "c6": 0.4134306163407152, "c7": 0.023202172214586536}, "datetime": {"datetime": "2023-08-26 13:40:08", "elapsed": 0.0, "delta": 0.0}}
{"target": -5.781340725272732, "params": {"c1": 0.6776656582518729, "c2": 1.6128003619262992, "c3": 0.6481619604889958, "c4": 0.281456314616487, "c5": 0.2056666707204027, "c6": 0.908322525523625, "c7": 0.036715914082315004}, "datetime": {"datetime": "2023-08-26 13:40:08", "elapsed": 0.0, "delta": 0.0}}
{"target": -7.609754302305476, "params": {"c1": 0.42763585010270944, "c2": 1.2955540486281623, "c3": 0.35783422447892305, "c4": 0.3425299853757101, "c5": 0.9447026339568866, "c6": 0.5058719546552672, "c7": 0.1807117146154028}, "datetime": {"datetime": "2023-08-26 13:40:08", "elapsed": 0.0, "delta": 0.0}}
{"target": -12.520977987614518, "params": {"c1": 0.8547952556955267, "c2": 1.6341830592107136, "c3": 0.9400879407209128, "c4": 0.16600729955555815, "c5": 0.04860780783214813, "c6": 0.8462249049824518, "c7": 0.1699736520997276}, "datetime": {"datetime": "2023-08-26 13:40:08", "elapsed": 0.0, "delta": 0.0}}
{"target": -3.940411488025819, "params": {"c1": 0.2615826611714889, "c2": 1.5823032679478986, "c3": 0.04578794323077695, "c4": 0.2794256556522906, "c5": 0.33356470409755096, "c6": 0.7763082646873128, "c7": 0.5450935938013828}, "datetime": {"datetime": "2023-08-26 13:40:08", "elapsed": 0.0, "delta": 0.0}}
{"target": -8.057349303040805, "params": {"c1": 0.5001005450091819, "c2": 1.6380135509437497, "c3": 0.29542679861292787, "c4": 0.3386811957193385, "c5": 0.5555651743583438, "c6": 0.83096065030241, "c7": 0.9383147825943613}, "datetime": {"datetime": "2023-08-26 13:40:08", "elapsed": 0.0, "delta": 0.0}}
{"target": -7.3160547843504995, "params": {"c1": 0.43610572959219474, "c2": 1.4971913716534537, "c3": 0.9015951483731808, "c4": 0.9281054791252457, "c5": 1.1173346166590548, "c6": 0.5808062829994111, "c7": 0.10113880680675713}, "datetime": {"datetime": "2023-08-26 13:40:08", "elapsed": 0.0, "delta": 0.0}}
{"target": -6.736840757910909, "params": {"c1": 0.5151426504412223, "c2": 1.8910413087498534, "c3": 0.3423161408080545, "c4": 0.5505341834291867, "c5": 1.0884454186178725, "c6": 0.022272398959434666, "c7": 0.03539336041236807}, "datetime": {"datetime": "2023-08-26 13:40:08", "elapsed": 0.0, "delta": 0.0}}
{"target": -6.486245388097687, "params": {"c1": 0.437916975248986, "c2": 1.6036643927954954, "c3": 0.31357623803755075, "c4": 0.23865390576261958, "c5": 0.3116085975991125, "c6": 0.8321114996042689, "c7": 0.13042953806012259}, "datetime": {"datetime": "2023-08-26 13:40:08", "elapsed": 0.0, "delta": 0.0}}
{"target": -4.863109337314672, "params": {"c1": 0.7401833173033846, "c2": 1.585551823744982, "c3": 0.3110371887087213, "c4": 0.500565872095242, "c5": 1.1377203556599984, "c6": 0.8035834181618763, "c7": 0.7826580916287263}, "datetime": {"datetime": "2023-08-26 13:40:08", "elapsed": 0.0, "delta": 0.0}}
{"target": -11.920792331199623, "params": {"c1": 0.4091464762858451, "c2": 1.9894213773176863, "c3": 0.9908154663654075, "c4": 0.5441190329381096, "c5": 1.178953989043163, "c6": 0.23555198010075973, "c7": 0.16785450124078904}, "datetime": {"datetime": "2023-08-26 13:40:08", "elapsed": 0.0, "delta": 0.0}}
{"target": -10.015345157200212, "params": {"c1": 0.6780734270048133, "c2": 1.8061948105978693, "c3": 0.41267666001622766, "c4": 0.9171229393704006, "c5": 1.4189889821182677, "c6": 0.3819685702370157, "c7": 0.4683230314409248}, "datetime": {"datetime": "2023-08-26 13:40:08", "elapsed": 0.0, "delta": 0.0}}
{"target": -3.0427333326234436, "params": {"c1": 0.5721888147499932, "c2": 1.743681531450218, "c3": 0.9911551677597411, "c4": 0.49289910319400854, "c5": 0.8689553493219713, "c6": 0.3561957499541212, "c7": 0.5020866489227039}, "datetime": {"datetime": "2023-08-26 13:40:08", "elapsed": 0.0, "delta": 0.0}}
{"target": -9.005187750520303, "params": {"c1": 0.5961844159749019, "c2": 1.8808182350848162, "c3": 0.8347228450283306, "c4": 0.3539688078890766, "c5": 0.9199620520275078, "c6": 0.3119291448371505, "c7": 0.9237507333279373}, "datetime": {"datetime": "2023-08-26 13:40:08", "elapsed": 0.0, "delta": 0.0}}
{"target": -1.7242231345993881, "params": {"c1": 0.3995144137955283, "c2": 1.3109025801351653, "c3": 0.9575195920363586, "c4": 0.46072764263451416, "c5": 0.8130192618025474, "c6": 0.37062214223152257, "c7": 0.528421935757969}, "datetime": {"datetime": "2023-08-26 13:40:08", "elapsed": 0.0, "delta": 0.0}}
{"target": -19.136546794262152, "params": {"c1": 0.8995228109213886, "c2": 1.3233452147881917, "c3": 0.8699711352307989, "c4": 0.6628069476960784, "c5": 1.3726370265940608, "c6": 0.9499547060613005, "c7": 0.31544615657592634}, "datetime": {"datetime": "2023-08-26 13:40:08", "elapsed": 0.0, "delta": 0.0}}
{"target": -3.1652294030976633, "params": {"c1": 0.5428946679436771, "c2": 1.3804822885453212, "c3": 0.7468354885080933, "c4": 0.5051842084490525, "c5": 0.9393838217999222, "c6": 0.39691139091984395, "c7": 0.3600320882545569}, "datetime": {"datetime": "2023-08-26 13:40:08", "elapsed": 0.0, "delta": 0.0}}
{"target": -7.228823152656998, "params": {"c1": 0.4610665546554552, "c2": 1.7904854482654975, "c3": 0.6045133704015329, "c4": 0.9117193417252195, "c5": 1.1702057605950344, "c6": 0.08039293241282897, "c7": 0.047155706792318286}, "datetime": {"datetime": "2023-08-26 13:40:08", "elapsed": 0.0, "delta": 0.0}}
{"target": -9.0211131161856, "params": {"c1": 0.21411131818721585, "c2": 1.9286329465507992, "c3": 0.9005804157227998, "c4": 0.9169870060036611, "c5": 0.7861706486279716, "c6": 0.10823956846370242, "c7": 0.21634596476859025}, "datetime": {"datetime": "2023-08-26 13:40:08", "elapsed": 0.0, "delta": 0.0}}
{"target": -3.532173662245065, "params": {"c1": 0.16416461537978344, "c2": 1.583232181349827, "c3": 0.2227500322434891, "c4": 0.5305838629284017, "c5": 1.0177766888700666, "c6": 0.06440841497411698, "c7": 0.16523673774264835}, "datetime": {"datetime": "2023-08-26 13:40:08", "elapsed": 0.0, "delta": 0.0}}
{"target": -2.0820907918426523, "params": {"c1": 0.5999176182644864, "c2": 0.9405618966553848, "c3": 0.23847495411269537, "c4": 0.29018026813293263, "c5": 1.573022570860243, "c6": 0.027576276806126506, "c7": 0.2960961217649478}, "datetime": {"datetime": "2023-08-26 13:40:08", "elapsed": 0.0, "delta": 0.0}}
{"target": -2.4889061836216757, "params": {"c1": 0.5639440948322643, "c2": 0.8418293909749957, "c3": 0.17550663383870047, "c4": 0.355140763236925, "c5": 1.543493620987329, "c6": 0.25074707943826213, "c7": 0.223913877693647}, "datetime": {"datetime": "2023-08-26 13:40:08", "elapsed": 0.0, "delta": 0.0}}
{"target": -6.056983214612507, "params": {"c1": 0.5625887993377107, "c2": 0.7195972378600313, "c3": 0.1248235796284155, "c4": 0.10649706959466909, "c5": 1.6101042514821184, "c6": 0.08490398575353875, "c7": 0.2520307085555902}, "datetime": {"datetime": "2023-08-26 13:40:08", "elapsed": 0.0, "delta": 0.0}}
{"target": -6.759051075326409, "params": {"c1": 0.4514798656617188, "c2": 1.4334561372204608, "c3": 0.4559980916000782, "c4": 0.3864098054661834, "c5": 0.7240414637887769, "c6": 0.6847370062958417, "c7": 0.7054037608298419}, "datetime": {"datetime": "2023-08-26 13:40:08", "elapsed": 0.0, "delta": 0.0}}
{"target": -9.216945489905058, "params": {"c1": 0.07788871177511592, "c2": 1.4917634113926055, "c3": 0.24262902942825948, "c4": 0.49722213690722583, "c5": 1.1381763418145228, "c6": 0.018900321400398656, "c7": 0.5754859946640929}, "datetime": {"datetime": "2023-08-26 13:40:08", "elapsed": 0.0, "delta": 0.0}}
{"target": -2.467029570776646, "params": {"c1": 0.72257185203661, "c2": 0.8934858956819793, "c3": 0.2964051754890634, "c4": 0.16869165160826316, "c5": 1.9282704928043015, "c6": 0.041248589295232674, "c7": 0.0731509406511115}, "datetime": {"datetime": "2023-08-26 13:40:08", "elapsed": 0.0, "delta": 0.0}}
{"target": -8.63626265021977, "params": {"c1": 0.6590998770808739, "c2": 0.6106618096516339, "c3": 0.15267687464983704, "c4": 0.3225089490149827, "c5": 1.7614172636275574, "c6": 0.01760730911183328, "c7": 0.19173302554444693}, "datetime": {"datetime": "2023-08-26 13:40:08", "elapsed": 0.0, "delta": 0.0}}
{"target": -6.896579841334689, "params": {"c1": 0.7490311304517786, "c2": 1.0291629455971452, "c3": 0.04503004976452918, "c4": 0.0640821969644485, "c5": 1.7424338274954376, "c6": 0.01570281997297429, "c7": 0.7727640062468311}, "datetime": {"datetime": "2023-08-26 13:40:08", "elapsed": 0.0, "delta": 0.0}}
