{"target": -59.345840387371986, "params": {"c1": 0.36803680368036806, "c2": 1.5901290129012902, "c3": 0.16341634163416344, "c4": 0.15841584158415842, "c5": 1.8173917391739174, "c6": 0.9978397839783978, "c7": 0.1338802880288029}, "datetime": {"datetime": "2023-08-26 13:40:08", "elapsed": 0.0, "delta": 0.0}}
{"target": -33.16211342050972, "params": {"c1": 0.8764876487648765, "c2": 1.2332733273327332, "c3": 0.6947694769476948, "c4": 0.9663966396639664, "c5": 0.34284428442844284, "c6": 0.9981098109810981, "c7": 0.9297632763276328}, "datetime": {"datetime": "2023-08-26 13:40:08", "elapsed": 0.0, "delta": 0.0}}
{"target": -10.100727505109493, "params": {"c1": 0.16841684168416843, "c2": 0.3760976097609761, "c3": 0.1069106910691069, "c4": 0.748974897489749, "c5": 0.5279227922792279, "c6": 0.868946894689469, "c7": 0.5731845184518451}, "datetime": {"datetime": "2023-08-26 13:40:08", "elapsed": 0.0, "delta": 0.0}}
{"target": -45.48177731521782, "params": {"c1": 0.20702070207020704, "c2": 1.4652865286528653, "c3": 0.7513751375137514, "c4": 0.29452945294529453, "c5": 1.7394839483948394, "c6": 0.5036003600360036, "c7": 0.4646822682268227}, "datetime": {"datetime": "2023-08-26 13:40:08", "elapsed": 0.0, "delta": 0.0}}
{"target": -27.661732375751118, "params": {"c1": 0.9814981498149815, "c2": 1.0018301830183018, "c3": 0.36123612361236124, "c4": 0.40034003400340035, "c5": 1.4943594359435945, "c6": 0.5775877587758775, "c7": 0.19002970297029703}, "datetime": {"datetime": "2023-08-26 13:40:08", "elapsed": 0.0, "delta": 0.0}}
{"target": -41.35519246316448, "params": {"c1": 0.15231523152315232, "c2": 1.1557455745574556, "c3": 0.7741774177417741, "c4": 0.6404640464046405, "c5": 1.4559755975597561, "c6": 0.7065706570657065, "c7": 0.8907983798379837}, "datetime": {"datetime": "2023-08-26 13:40:08", "elapsed": 0.0, "delta": 0.0}}
{"target": -14.320138040408338, "params": {"c1": 0.840984098409841, "c2": 0.9955595559555955, "c3": 0.26432643264326433, "c4": 0.38993899389938996, "c5": 1.4495149514951495, "c6": 0.737083708370837, "c7": 0.10930243024302429}, "datetime": {"datetime": "2023-08-26 13:40:08", "elapsed": 0.0, "delta": 0.0}}
{"target": -4.60746464186429, "params": {"c1": 0.7363736373637364, "c2": 1.8213821382138216, "c3": 0.5264526452645265, "c4": 0.48164816481648165, "c5": 1.0998799879988002, "c6": 0.3979297929792979, "c7": 0.9486462646264625}, "datetime": {"datetime": "2023-08-26 13:40:08", "elapsed": 0.0, "delta": 0.0}}
{"target": -9.362069715682587, "params": {"c1": 0.23602360236023603, "c2": 1.4242424242424243, "c3": 0.9090909090909091, "c4": 0.13931393139313933, "c5": 0.5077807780778077, "c6": 0.644014401440144, "c7": 0.7222502250225022}, "datetime": {"datetime": "2023-08-26 13:40:08", "elapsed": 0.0, "delta": 0.0}}
{"target": -21.961317748429718, "params": {"c1": 0.09930993099309932, "c2": 0.7171817181718172, "c3": 0.862886288628863, "c4": 0.20872087208720871, "c5": 1.2298529852985298, "c6": 0.3666066606660666, "c7": 0.9101809180918091}, "datetime": {"datetime": "2023-08-26 13:40:08", "elapsed": 0.0, "delta": 0.0}}
{"target": -21.228590203048437, "params": {"c1": 0.983998399839984, "c2": 1.2959795979597961, "c3": 0.6805680568056806, "c4": 0.4448444844484449, "c5": 0.8498149814981498, "c6": 0.757965796579658, "c7": 0.05375247524752475}, "datetime": {"datetime": "2023-08-26 13:40:08", "elapsed": 0.0, "delta": 0.0}}
{"target": -37.47369688550171, "params": {"c1": 0.32143214321432145, "c2": 0.6654965496549655, "c3": 0.1309130913091309, "c4": 0.8698869886988699, "c5": 1.7672267226722673, "c6": 0.9728172817281728, "c7": 0.015786678667866785}, "datetime": {"datetime": "2023-08-26 13:40:08", "elapsed": 0.0, "delta": 0.0}}
{"target": -19.780782395716624, "params": {"c1": 0.42604260426042606, "c2": 0.1288828882888289, "c3": 0.20282028202820282, "c4": 0.15431543154315433, "c5": 0.38122812281228124, "c6": 0.6943294329432944, "c7": 0.35238343834383434}, "datetime": {"datetime": "2023-08-26 13:40:08", "elapsed": 0.0, "delta": 0.0}}
{"target": -43.73135223977667, "params": {"c1": 0.050905090509050906, "c2": 0.5486348634863486, "c3": 0.37443744374437443, "c4": 0.49324932493249324, "c5": 1.8246124612461248, "c6": 0.26453645364536454, "c7": 0.48736183618361834}, "datetime": {"datetime": "2023-08-26 13:40:08", "elapsed": 0.0, "delta": 0.0}}
{"target": -6.6013683304918205, "params": {"c1": 0.9097909790979098, "c2": 1.2600660066006601, "c3": 0.1405140514051405, "c4": 0.11141114111411142, "c5": 1.635923592359236, "c6": 0.40756075607560754, "c7": 0.9316615661566157}, "datetime": {"datetime": "2023-08-26 13:40:08", "elapsed": 0.0, "delta": 0.0}}
{"target": -9.581013628435702, "params": {"c1": 0.07900790079007901, "c2": 0.11292129212921292, "c3": 0.2251225122512251, "c4": 0.7973797379737974, "c5": 0.3128212821282128, "c6": 0.9035103510351036, "c7": 0.4833654365436543}, "datetime": {"datetime": "2023-08-26 13:40:08", "elapsed": 0.0, "delta": 0.0}}
{"target": -10.175662701098043, "params": {"c1": 0.28782878287828784, "c2": 0.1285028502850285, "c3": 0.6545654565456546, "c4": 0.6596659665966597, "c5": 0.8382238223822382, "c6": 0.46822682268226823, "c7": 0.47497299729972997}, "datetime": {"datetime": "2023-08-26 13:40:08", "elapsed": 0.0, "delta": 0.0}}
{"target": -25.53488068468922, "params": {"c1": 0.33323332333233324, "c2": 0.5459745974597461, "c3": 0.3466346634663466, "c4": 0.9019901990199021, "c5": 0.20375037503750376, "c6": 0.48046804680468047, "c7": 0.8573285328532854}, "datetime": {"datetime": "2023-08-26 13:40:08", "elapsed": 0.0, "delta": 0.0}}
{"target": -20.22093945870479, "params": {"c1": 0.598059805980598, "c2": 0.15168516851685168, "c3": 0.7423742374237424, "c4": 0.18821882188218822, "c5": 0.6808880888088809, "c6": 0.7868586858685868, "c7": 0.9211710171017101}, "datetime": {"datetime": "2023-08-26 13:40:08", "elapsed": 0.0, "delta": 0.0}}
{"target": -32.572843401335554, "params": {"c1": 0.44614461446144615, "c2": 1.8470347034703472, "c3": 0.8272827282728273, "c4": 0.11381138113811382, "c5": 1.057885788578858, "c6": 0.7044104410441044, "c7": 0.49265706570657064}, "datetime": {"datetime": "2023-08-26 13:40:08", "elapsed": 0.0, "delta": 0.0}}
{"target": -16.894088400751727, "params": {"c1": 0.1409140914091409, "c2": 1.2760276027602762, "c3": 0.2526252625262526, "c4": 0.5151515151515151, "c5": 0.5771377137713771, "c6": 0.13087308730873087, "c7": 0.7672097209720972}, "datetime": {"datetime": "2023-08-26 13:40:08", "elapsed": 0.0, "delta": 0.0}}
{"target": -13.062639577391947, "params": {"c1": 0.5997599759975998, "c2": 1.4913191319131913, "c3": 0.5883588358835884, "c4": 0.7900790079007901, "c5": 1.8147314731473148, "c6": 0.6860486048604861, "c7": 0.08532403240324032}, "datetime": {"datetime": "2023-08-26 13:40:08", "elapsed": 0.0, "delta": 0.0}}
{"target": -21.58323986520246, "params": {"c1": 0.28682868286828683, "c2": 0.9908090809080909, "c3": 0.056305630563056305, "c4": 0.6946694669466947, "c5": 0.3213721372137214, "c6": 0.37002700270027006, "c7": 0.9577380738073807}, "datetime": {"datetime": "2023-08-26 13:40:08", "elapsed": 0.0, "delta": 0.0}}
{"target": -11.606538337089676, "params": {"c1": 0.6134613461346134, "c2": 0.8614061406140614, "c3": 0.3872387238723872, "c4": 0.045204520452045205, "c5": 0.5085408540854086, "c6": 0.3508550855085508, "c7": 0.23359045904590456}, "datetime": {"datetime": "2023-08-26 13:40:08", "elapsed": 0.0, "delta": 0.0}}
{"target": -16.390005479797388, "params": {"c1": 0.685968596859686, "c2": 0.15054505450545053, "c3": 0.6743674367436744, "c4": 0.22422242224222422, "c5": 1.618061806180618, "c6": 0.49144914491449143, "c7": 0.29073897389738973}, "datetime": {"datetime": "2023-08-26 13:40:08", "elapsed": 0.0, "delta": 0.0}}
{"target": -24.268973690432, "params": {"c1": 0.026502650265026503, "c2": 1.171897189718972, "c3": 0.2703270327032703, "c4": 0.014601460146014602, "c5": 0.17581758175817583, "c6": 0.39072907290729075, "c7": 0.7775004500450045}, "datetime": {"datetime": "2023-08-26 13:40:08", "elapsed": 0.0, "delta": 0.0}}
{"target": -16.04574300681352, "params": {"c1": 0.501950195019502, "c2": 0.8460146014601461, "c3": 0.6825682568256826, "c4": 0.43614361436143617, "c5": 1.8396239623962396, "c6": 0.35004500450045, "c7": 0.39234743474347433}, "datetime": {"datetime": "2023-08-26 13:40:08", "elapsed": 0.0, "delta": 0.0}}
{"target": -28.235311454843842, "params": {"c1": 0.42584258425842586, "c2": 1.9764376437643767, "c3": 0.6296629662966297, "c4": 0.13731373137313732, "c5": 0.8543754375437544, "c6": 0.6927092709270927, "c7": 0.7126588658865887}, "datetime": {"datetime": "2023-08-26 13:40:08", "elapsed": 0.0, "delta": 0.0}}
{"target": -44.41579003488079, "params": {"c1": 0.48264826482648265, "c2": 1.8690769076907692, "c3": 0.43884388438843885, "c4": 0.18841884188418842, "c5": 1.8793379337933793, "c6": 0.49693969396939697, "c7": 0.6222403240324033}, "datetime": {"datetime": "2023-08-26 13:40:08", "elapsed": 0.0, "delta": 0.0}}
{"target": -12.205936250678137, "params": {"c1": 0.1397684362033691, "c2": 0.2526416619330427, "c3": 0.9283899865605484, "c4": 0.8949052017179203, "c5": 1.291720560508755, "c6": 0.09035996361340326, "c7": 0.45968300691172004}, "datetime": {"datetime": "2023-08-26 13:40:08", "elapsed": 0.0, "delta": 0.0}}
{"target": -12.029238882745938, "params": {"c1": 0.08949991664434487, "c2": 1.450146088365538, "c3": 0.4082606652887747, "c4": 0.9877277648593362, "c5": 1.0400081107138472, "c6": 0.2859372638731265, "c7": 0.6380127311164868}, "datetime": {"datetime": "2023-08-26 13:40:08", "elapsed": 0.0, "delta": 0.0}}
{"target": -7.757758477289445, "params": {"c1": 0.43709732777609056, "c2": 1.0173158399225615, "c3": 0.44700025775529256, "c4": 0.3996100869857745, "c5": 0.47418979713882736, "c6": 0.626261303703841, "c7": 0.2336372353668128}, "datetime": {"datetime": "2023-08-26 13:40:08", "elapsed": 0.0, "delta": 0.0}}
{"target": -22.467842621880685, "params": {"c1": 0.9403240118415975, "c2": 0.7036804972793289, "c3": 0.5744177451037472, "c4": 0.14760952598314347, "c5": 0.04048946660962849, "c6": 0.5368063357667116, "c7": 0.8847756507057537}, "datetime": {"datetime": "2023-08-26 13:40:08", "elapsed": 0.0, "delta": 0.0}}
{"target": -16.650970249405784, "params": {"c1": 0.5989893121083604, "c2": 1.0950364458961974, "c3": 0.00582548558395124, "c4": 0.3856756987255201, "c5": 0.7616655520830518, "c6": 0.26076906876208117, "c7": 0.13362841156199912}, "datetime": {"datetime": "2023-08-26 13:40:08", "elapsed": 0.0, "delta": 0.0}}
{"target": -7.510214029569722, "params": {"c1": 0.13634017459404668, "c2": 0.6498733755349677, "c3": 0.9250113184432441, "c4": 0.38275599477464406, "c5": 0.6193336757047772, "c6": 0.6521722714027329, "c7": 0.12809071045543396}, "datetime": {"datetime": "2023-08-26 13:40:08", "elapsed": 0.0, "delta": 0.0}}
{"target": -26.1587044877831, "params": {"c1": 0.10488473624822581, "c2": 0.8244924006964474, "c3": 0.20048312601210996, "c4": 0.7331381931141526, "c5": 0.9141004874400518, "c6": 0.8284411687214116, "c7": 0.033350148234793986}, "datetime": {"datetime": "2023-08-26 13:40:08", "elapsed": 0.0, "delta": 0.0}}
{"target": -57.297543023678195, "params": {"c1": 0.003940205554765375, "c2": 0.04184341642619249, "c3": 0.64213237301212, "c4": 0.27784414483627595, "c5": 1.771821022952261, "c6": 0.5314743000478145, "c7": 0.6856801520300946}, "datetime": {"datetime": "2023-08-26 13:40:08", "elapsed": 0.0, "delta": 0.0}}
{"target": -8.426470831943496, "params": {"c1": 0.45670200970166275, "c2": 1.9999455367613104, "c3": 0.19364546082535217, "c4": 0.24656072475179092, "c5": 0.5083499228200581, "c6": 0.013649328547082786, "c7": 0.9412491558068443}, "datetime": {"datetime": "2023-08-26 13:40:08", "elapsed": 0.0, "delta": 0.0}}
{"target": -27.15118412473872, "params": {"c1": 0.1206646983432953, "c2": 0.06110797451627881, "c3": 0.8023451605390312, "c4": 0.05716193631499722, "c5": 1.3743241539201088, "c6": 0.4368996707063139, "c7": 0.2538163787236968}, "datetime": {"datetime": "2023-08-26 13:40:08", "elapsed": 0.0, "delta": 0.0}}
{"target": -14.312803332171624, "params": {"c1": 0.6964691855978616, "c2": 0.5722786699007589, "c3": 0.22685145356420314, "c4": 0.5513147690828912, "c5": 1.4389379395711261, "c6": 0.42310646012446096, "c7": 0.9807641983846155}, "datetime": {"datetime": "2023-08-26 13:40:08", "elapsed": 0.0, "delta": 0.0}}
{"target": -3.569954274155421, "params": {"c1": 0.6848297385848633, "c2": 0.9618638029687219, "c3": 0.3921175181941505, "c4": 0.3431780161508694, "c5": 1.4580994147680832, "c6": 0.4385722446796244, "c7": 0.05967789660956835}, "datetime": {"datetime": "2023-08-26 13:40:08", "elapsed": 0.0, "delta": 0.0}}
{"target": -19.617451833487266, "params": {"c1": 0.3980442553304314, "c2": 1.4759908114640714, "c3": 0.18249173045349998, "c4": 0.17545175614749253, "c5": 1.063102747683677, "c6": 0.5318275870968661, "c7": 0.6344009585513211}, "datetime": {"datetime": "2023-08-26 13:40:08", "elapsed": 0.0, "delta": 0.0}}
{"target": -27.72073499467881, "params": {"c1": 0.8494317940777896, "c2": 1.4489106497212705, "c3": 0.6110235106775829, "c4": 0.7224433825702216, "c5": 0.6459178277063564, "c6": 0.3617886556223141, "c7": 0.22826323087895561}, "datetime": {"datetime": "2023-08-26 13:40:08", "elapsed": 0.0, "delta": 0.0}}
{"target": -6.6743238900945805, "params": {"c1": 0.29371404638882936, "c2": 1.2619522477089755, "c3": 0.09210493994507518, "c4": 0.43370117267952824, "c5": 0.8617255266592876, "c6": 0.4936850976503062, "c7": 0.425830290295828}, "datetime": {"datetime": "2023-08-26 13:40:08", "elapsed": 0.0, "delta": 0.0}}
{"target": -9.908261537787014, "params": {"c1": 0.3122612229724653, "c2": 0.8527026139256164, "c3": 0.8933891631171348, "c4": 0.9441600182038796, "c5": 1.0036733517686731, "c6": 0.6239529517921112, "c7": 0.11561839507929572}, "datetime": {"datetime": "2023-08-26 13:40:08", "elapsed": 0.0, "delta": 0.0}}
{"target": -25.00706788716827, "params": {"c1": 0.3172854818203209, "c2": 0.8296524239072636, "c3": 0.8663091578833659, "c4": 0.2504553653965067, "c5": 0.9660685285254087, "c6": 0.985559785610705, "c7": 0.5194851192598093}, "datetime": {"datetime": "2023-08-26 13:40:08", "elapsed": 0.0, "delta": 0.0}}
{"target": -20.082944554778955, "params": {"c1": 0.6128945257629677, "c2": 0.24125733198064747, "c3": 0.8263408005068332, "c4": 0.6030601284109274, "c5": 1.0901360129329298, "c6": 0.3427638337743084, "c7": 0.3041207890271841}, "datetime": {"datetime": "2023-08-26 13:40:08", "elapsed": 0.0, "delta": 0.0}}
{"target": -20.643917240635055, "params": {"c1": 0.4170222110247016, "c2": 1.3626015315855933, "c3": 0.8754568417951749, "c4": 0.5104223374780111, "c5": 1.3386275659245446, "c6": 0.5859365525622129, "c7": 0.6249035020955999}, "datetime": {"datetime": "2023-08-26 13:40:08", "elapsed": 0.0, "delta": 0.0}}
{"target": -30.873851007748804, "params": {"c1": 0.6746890509878248, "c2": 1.6846848752405146, "c3": 0.08319498833243875, "c4": 0.7636828414433382, "c5": 0.487332749073748, "c6": 0.19422296057877086, "c7": 0.5724569574914731}, "datetime": {"datetime": "2023-08-26 13:40:08", "elapsed": 0.0, "delta": 0.0}}
{"target": -19.473491303981792, "params": {"c1": 0.09571251661238711, "c2": 1.7706536525502792, "c3": 0.6272489720512687, "c4": 0.7234163581899548, "c5": 0.03225841339003366, "c6": 0.5944318794450425, "c7": 0.5567851923942887}, "datetime": {"datetime": "2023-08-26 13:40:08", "elapsed": 0.0, "delta": 0.0}}
{"target": -30.100974058078716, "params": {"c1": 0.15895964414472274, "c2": 0.3061410302495462, "c3": 0.6955295287709109, "c4": 0.31876642638187636, "c5": 1.3839405910636393, "c6": 0.5543832497177721, "c7": 0.3889505741231446}, "datetime": {"datetime": "2023-08-26 13:40:08", "elapsed": 0.0, "delta": 0.0}}
{"target": -25.5985176570999, "params": {"c1": 0.9251324896139861, "c2": 1.6833399938254325, "c3": 0.35739756668317624, "c4": 0.04359146379904055, "c5": 0.6095361468221949, "c6": 0.398185681917981, "c7": 0.7049588304513622}, "datetime": {"datetime": "2023-08-26 13:40:08", "elapsed": 0.0, "delta": 0.0}}
{"target": -38.386236882729875, "params": {"c1": 0.9953584820340174, "c2": 0.7118297314349191, "c3": 0.7625478137854338, "c4": 0.5931769165622212, "c5": 1.3834035974003542, "c6": 0.15112745234808023, "c7": 0.39887629272615654}, "datetime": {"datetime": "2023-08-26 13:40:08", "elapsed": 0.0, "delta": 0.0}}
{"target": -34.559909939020436, "params": {"c1": 0.24085589772362448, "c2": 0.68691202809665, "c3": 0.5131281541990022, "c4": 0.6666245501640716, "c5": 0.21181697011362766, "c6": 0.13089495066408074, "c7": 0.32198060646830806}, "datetime": {"datetime": "2023-08-26 13:40:08", "elapsed": 0.0, "delta": 0.0}}
{"target": -20.245273495497546, "params": {"c1": 0.6615643366662437, "c2": 1.6930124505414441, "c3": 0.5532573447967134, "c4": 0.8544524875245048, "c5": 0.7696756225515222, "c6": 0.31678789711837974, "c7": 0.3542646755916785}, "datetime": {"datetime": "2023-08-26 13:40:08", "elapsed": 0.0, "delta": 0.0}}
{"target": -11.402911578985552, "params": {"c1": 0.17108182920509907, "c2": 1.6582252690037809, "c3": 0.3386708459143266, "c4": 0.5523700752940731, "c5": 1.157102936217666, "c6": 0.5215330593973323, "c7": 0.002688064574320692}, "datetime": {"datetime": "2023-08-26 13:40:08", "elapsed": 0.0, "delta": 0.0}}
{"target": -6.190773123872979, "params": {"c1": 0.98834541928282, "c2": 1.8106831513232198, "c3": 0.2076358611963245, "c4": 0.2924894127924248, "c5": 1.0400203061449669, "c6": 0.9019113726606706, "c7": 0.9836308849117232}, "datetime": {"datetime": "2023-08-26 13:40:08", "elapsed": 0.0, "delta": 0.0}}
{"target": -18.408591675314476, "params": {"c1": 0.2575420641540831, "c2": 1.1287180858495633, "c3": 0.8069686841371793, "c4": 0.3943700539527748, "c5": 1.4621460716891141, "c6": 0.16106901442921484, "c7": 0.6006985678335899}, "datetime": {"datetime": "2023-08-26 13:40:08", "elapsed": 0.0, "delta": 0.0}}
{"target": -18.46381724976357, "params": {"c1": 0.8658644583032646, "c2": 1.9670432184071112, "c3": 0.07936579037801571, "c4": 0.42834727470094924, "c5": 0.4090857190928554, "c6": 0.4506364905187348, "c7": 0.547763572628854}, "datetime": {"datetime": "2023-08-26 13:40:08", "elapsed": 0.0, "delta": 0.0}}
{"target": -24.403035055942738, "params": {"c1": 0.09332671036982076, "c2": 0.5937215509613589, "c3": 0.9275842401521475, "c4": 0.5690037314301953, "c5": 0.9148239950472239, "c6": 0.7535259907981146, "c7": 0.7418621518420373}, "datetime": {"datetime": "2023-08-26 13:40:08", "elapsed": 0.0, "delta": 0.0}}
{"target": -36.52166514003769, "params": {"c1": 0.04857903284426879, "c2": 1.417394790885492, "c3": 0.8392433478050837, "c4": 0.16593788420695388, "c5": 1.5619958759999146, "c6": 0.2865366167291019, "c7": 0.3064697533295573}, "datetime": {"datetime": "2023-08-26 13:40:08", "elapsed": 0.0, "delta": 0.0}}
{"target": -18.397133410712573, "params": {"c1": 0.665261465349683, "c2": 0.2227843432154315, "c3": 0.6648724488032943, "c4": 0.8878567926762226, "c5": 1.3926225364708127, "c6": 0.44032787666540907, "c7": 0.4382143843772247}, "datetime": {"datetime": "2023-08-26 13:40:08", "elapsed": 0.0, "delta": 0.0}}
{"target": -15.105990071677661, "params": {"c1": 0.7650960952393066, "c2": 1.1312840024517656, "c3": 0.0849041631918176, "c4": 0.5826710878614046, "c5": 1.6296874057868194, "c6": 0.33706638344761, "c7": 0.9275765795753895}, "datetime": {"datetime": "2023-08-26 13:40:08", "elapsed": 0.0, "delta": 0.0}}
{"target": -19.576708452022512, "params": {"c1": 0.7507170003431679, "c2": 1.148127650299929, "c3": 0.7516439887929184, "c4": 0.07914896073820521, "c5": 1.7187781513612228, "c6": 0.8215041132005579, "c7": 0.9098716596102089}, "datetime": {"datetime": "2023-08-26 13:40:08", "elapsed": 0.0, "delta": 0.0}}
{"target": -11.29101968226921, "params": {"c1": 0.12863119750938, "c2": 0.16356017418797042, "c3": 0.13841557278158978, "c4": 0.3993787101028001, "c5": 0.8486137221619838, "c6": 0.5622183787309056, "c7": 0.12224354963250506}, "datetime": {"datetime": "2023-08-26 13:40:08", "elapsed": 0.0, "delta": 0.0}}
{"target": -23.05545788616304, "params": {"c1": 0.20139950138137086, "c2": 1.623288696568043, "c3": 0.4679875740567494, "c4": 0.8079382094836102, "c5": 0.014852757089226065, "c6": 0.5515927259824055, "c7": 0.9319321480766781}, "datetime": {"datetime": "2023-08-26 13:40:08", "elapsed": 0.0, "delta": 0.0}}
{"target": -15.787494270203869, "params": {"c1": 0.5821754591458701, "c2": 0.4121914548905483, "c3": 0.7177575622795576, "c4": 0.3789858496989177, "c5": 1.3367678945189196, "c6": 0.02931972289377127, "c7": 0.6359003593513561}, "datetime": {"datetime": "2023-08-26 13:40:08", "elapsed": 0.0, "delta": 0.0}}
{"target": -11.796233036108498, "params": {"c1": 0.032197934937924, "c2": 1.489561310283532, "c3": 0.4729130022384551, "c4": 0.12175435547305369, "c5": 1.085271851577012, "c6": 0.0667744432250047, "c7": 0.6533648713530407}, "datetime": {"datetime": "2023-08-26 13:40:08", "elapsed": 0.0, "delta": 0.0}}
{"target": -16.63646881116755, "params": {"c1": 0.9960863273678254, "c2": 1.5387946741479246, "c3": 0.5737741136588245, "c4": 0.10263525921079586, "c5": 1.3996681495458294, "c6": 0.6611678673279311, "c7": 0.04909713062277632}, "datetime": {"datetime": "2023-08-26 13:40:08", "elapsed": 0.0, "delta": 0.0}}
{"target": -5.855019256293544, "params": {"c1": 0.5527731732670348, "c2": 0.8246360693058119, "c3": 0.44740396105322155, "c4": 0.19429687106393834, "c5": 1.3626465997546595, "c6": 0.3612178815766669, "c7": 0.33510838786001096}, "datetime": {"datetime": "2023-08-26 13:40:08", "elapsed": 0.0, "delta": 0.0}}
{"target": -2.2413075731411123, "params": {"c1": 0.5542602793242677, "c2": 0.8603642407146408, "c3": 0.38030653257652847, "c4": 0.43288049106853865, "c5": 1.447065076113969, "c6": 0.2777702874847322, "c7": 0.033188010685937686}, "datetime": {"datetime": "2023-08-26 13:40:08", "elapsed": 0.0, "delta": 0.0}}
