{"target": -18.06445262157599, "params": {"c1": 0.8400840084008401, "c2": 0.44925492549254925, "c3": 0.9965996599659966, "c4": 0.038003800380038005, "c5": 1.6877987798779879, "c6": 0.5362736273627363, "c7": 0.24907650765076506}, "datetime": {"datetime": "2023-08-26 13:40:08", "elapsed": 0.0, "delta": 0.0}}
{"target": -2.3689064500527213, "params": {"c1": 0.5233523352335234, "c2": 0.8353735373537354, "c3": 0.46844684468446846, "c4": 0.35313531353135313, "c5": 1.3816781678167818, "c6": 0.2323132313231323, "c7": 0.6665004500450045}, "datetime": {"datetime": "2023-08-26 13:40:08", "elapsed": 0.0, "delta": 0.0}}
{"target": -28.61626519985815, "params": {"c1": 0.35473547354735474, "c2": 1.815871587158716, "c3": 0.7763776377637763, "c4": 0.722972297229723, "c5": 0.2546754675467547, "c6": 0.11575157515751576, "c7": 0.9361575157515751}, "datetime": {"datetime": "2023-08-26 13:40:08", "elapsed": 0.0, "delta": 0.0}}
{"target": -8.163483435796326, "params": {"c1": 0.6278627862786279, "c2": 1.4312731273127313, "c3": 0.7076707670767076, "c4": 0.24842484248424843, "c5": 0.6140014001400139, "c6": 0.8046804680468047, "c7": 0.7132583258325832}, "datetime": {"datetime": "2023-08-26 13:40:08", "elapsed": 0.0, "delta": 0.0}}
{"target": -14.058427514879366, "params": {"c1": 0.5416541654165417, "c2": 1.3125112511251125, "c3": 0.6454645464546455, "c4": 0.8827882788278828, "c5": 0.9092909290929093, "c6": 0.28496849684968495, "c7": 0.46548154815481546}, "datetime": {"datetime": "2023-08-26 13:40:08", "elapsed": 0.0, "delta": 0.0}}
{"target": -39.879677788903145, "params": {"c1": 0.21942194219421943, "c2": 0.871857185718572, "c3": 0.9612961296129613, "c4": 0.41594159415941595, "c5": 1.619011901190119, "c6": 0.6165616561656165, "c7": 0.24667866786678666}, "datetime": {"datetime": "2023-08-26 13:40:08", "elapsed": 0.0, "delta": 0.0}}
{"target": -44.43860540555747, "params": {"c1": 0.36543654365436545, "c2": 0.873947394739474, "c3": 0.25312531253125314, "c4": 0.09940994099409942, "c5": 1.8512151215121513, "c6": 0.8096309630963097, "c7": 0.3111206120612061}, "datetime": {"datetime": "2023-08-26 13:40:08", "elapsed": 0.0, "delta": 0.0}}
{"target": -30.59047564074515, "params": {"c1": 0.13751375137513752, "c2": 1.985748574857486, "c3": 0.9547954795479547, "c4": 0.0047004700470047005, "c5": 0.7846384638463847, "c6": 0.8657965796579659, "c7": 0.48975967596759673}, "datetime": {"datetime": "2023-08-26 13:40:08", "elapsed": 0.0, "delta": 0.0}}
{"target": -7.973413924777772, "params": {"c1": 0.5266526652665267, "c2": 1.732833283328333, "c3": 0.3015301530153015, "c4": 0.9374937493749376, "c5": 1.0103810381038103, "c6": 0.42097209720972095, "c7": 0.38685238523852383}, "datetime": {"datetime": "2023-08-26 13:40:08", "elapsed": 0.0, "delta": 0.0}}
{"target": -13.01035474011306, "params": {"c1": 0.26732673267326734, "c2": 0.22674267426742675, "c3": 0.4957495749574957, "c4": 0.9798979897989799, "c5": 1.0318531853185318, "c6": 0.10621062106210621, "c7": 0.8524329432943293}, "datetime": {"datetime": "2023-08-26 13:40:08", "elapsed": 0.0, "delta": 0.0}}
{"target": -4.623398063260443, "params": {"c1": 0.41304130413041307, "c2": 1.4126512651265126, "c3": 0.0137013701370137, "c4": 0.18991899189918993, "c5": 0.5264026402640265, "c6": 0.6244824482448245, "c7": 0.4048361836183618}, "datetime": {"datetime": "2023-08-26 13:40:08", "elapsed": 0.0, "delta": 0.0}}
{"target": -40.87584688463148, "params": {"c1": 0.9051905190519052, "c2": 0.4293029302930293, "c3": 0.0447044704470447, "c4": 0.943994399439944, "c5": 0.8663466346634664, "c6": 0.6822682268226822, "c7": 0.3093222322232223}, "datetime": {"datetime": "2023-08-26 13:40:08", "elapsed": 0.0, "delta": 0.0}}
{"target": -17.61568813842603, "params": {"c1": 0.9388938893889389, "c2": 1.2754575457545754, "c3": 0.0369036903690369, "c4": 0.30783078307830786, "c5": 1.61996199619962, "c6": 0.47497749774977494, "c7": 0.5065445544554456}, "datetime": {"datetime": "2023-08-26 13:40:08", "elapsed": 0.0, "delta": 0.0}}
{"target": -31.410344422123007, "params": {"c1": 0.6955695569556956, "c2": 1.4555955595559555, "c3": 0.37543754375437544, "c4": 0.5943594359435944, "c5": 0.2162916291629163, "c6": 0.12007200720072006, "c7": 0.5981620162016201}, "datetime": {"datetime": "2023-08-26 13:40:08", "elapsed": 0.0, "delta": 0.0}}
{"target": -38.014198636209656, "params": {"c1": 0.16931693169316933, "c2": 0.8076307630763077, "c3": 0.6712671267126713, "c4": 0.6985698569856986, "c5": 1.9464146414641466, "c6": 0.21152115211521152, "c7": 0.8286543654365436}, "datetime": {"datetime": "2023-08-26 13:40:08", "elapsed": 0.0, "delta": 0.0}}
{"target": -12.517875269788085, "params": {"c1": 0.9175917591759176, "c2": 1.5753075307530753, "c3": 0.7111711171117111, "c4": 0.19941994199419943, "c5": 1.4061906190619062, "c6": 0.6855085508550856, "c7": 0.11869396939693969}, "datetime": {"datetime": "2023-08-26 13:40:08", "elapsed": 0.0, "delta": 0.0}}
{"target": -29.97078085551628, "params": {"c1": 0.8936893689368938, "c2": 0.7511951195119513, "c3": 0.8328832883288328, "c4": 0.6165616561656165, "c5": 1.1597359735973598, "c6": 0.4574257425742574, "c7": 0.07902970297029702}, "datetime": {"datetime": "2023-08-26 13:40:08", "elapsed": 0.0, "delta": 0.0}}
{"target": -10.171877629263257, "params": {"c1": 0.8118811881188119, "c2": 1.9711171117111712, "c3": 0.828982898289829, "c4": 0.7595759575957596, "c5": 1.1131813181318133, "c6": 0.8436543654365437, "c7": 0.9926066606660665}, "datetime": {"datetime": "2023-08-26 13:40:08", "elapsed": 0.0, "delta": 0.0}}
{"target": -12.252807172792508, "params": {"c1": 0.49234923492349236, "c2": 1.0094309430943094, "c3": 0.18451845184518453, "c4": 0.16881688168816883, "c5": 0.27614761476147615, "c6": 0.4964896489648965, "c7": 0.7179540954095408}, "datetime": {"datetime": "2023-08-26 13:40:08", "elapsed": 0.0, "delta": 0.0}}
{"target": -13.407466573221726, "params": {"c1": 0.14421442144214422, "c2": 0.6985598559855986, "c3": 0.6682668266826682, "c4": 0.9266926692669267, "c5": 1.1772177217721773, "c6": 0.26714671467146717, "c7": 0.7961836183618362}, "datetime": {"datetime": "2023-08-26 13:40:08", "elapsed": 0.0, "delta": 0.0}}
{"target": -16.99170611816423, "params": {"c1": 0.6780678067806781, "c2": 1.2021102110211022, "c3": 0.0065006500650065, "c4": 0.7417741774177418, "c5": 0.9833983398339834, "c6": 0.5851485148514851, "c7": 0.5235292529252925}, "datetime": {"datetime": "2023-08-26 13:40:08", "elapsed": 0.0, "delta": 0.0}}
{"target": -31.834424272992674, "params": {"c1": 0.4837483748374838, "c2": 0.5904390439043905, "c3": 0.3195319531953195, "c4": 0.06610661066106611, "c5": 1.9714971497149716, "c6": 0.8397839783978397, "c7": 0.6203420342034204}, "datetime": {"datetime": "2023-08-26 13:40:08", "elapsed": 0.0, "delta": 0.0}}
{"target": -16.8768568096353, "params": {"c1": 0.6120612061206121, "c2": 1.6741174117411743, "c3": 0.41554155415541555, "c4": 0.6472647264726473, "c5": 1.7144014401440144, "c6": 0.8268226822682267, "c7": 0.29403600360036003}, "datetime": {"datetime": "2023-08-26 13:40:08", "elapsed": 0.0, "delta": 0.0}}
{"target": -14.613000197247853, "params": {"c1": 0.05390539053905391, "c2": 0.5868286828682869, "c3": 0.9208920892089208, "c4": 0.47514751475147515, "c5": 1.1065306530653065, "c6": 0.24023402340234024, "c7": 0.25287308730873087}, "datetime": {"datetime": "2023-08-26 13:40:08", "elapsed": 0.0, "delta": 0.0}}
{"target": -21.63638101029287, "params": {"c1": 0.3497349734973497, "c2": 0.39946994699469945, "c3": 0.3473347334733473, "c4": 0.25492549254925495, "c5": 1.202870287028703, "c6": 0.9305130513051305, "c7": 0.33050315031503147}, "datetime": {"datetime": "2023-08-26 13:40:08", "elapsed": 0.0, "delta": 0.0}}
{"target": -21.541217527246374, "params": {"c1": 0.9803980398039804, "c2": 0.8154215421542155, "c3": 0.6432643264326433, "c4": 0.24472447244724474, "c5": 1.4875187518751876, "c6": 0.7611161116111611, "c7": 0.3264068406840684}, "datetime": {"datetime": "2023-08-26 13:40:08", "elapsed": 0.0, "delta": 0.0}}
{"target": -5.276214534954197, "params": {"c1": 0.20472047204720473, "c2": 1.702810281028103, "c3": 0.22502250225022502, "c4": 0.7457745774577458, "c5": 1.0550355035503551, "c6": 0.18982898289828984, "c7": 0.2983321332133213}, "datetime": {"datetime": "2023-08-26 13:40:08", "elapsed": 0.0, "delta": 0.0}}
{"target": -15.529898544928907, "params": {"c1": 0.9517951795179518, "c2": 1.9376737673767377, "c3": 0.5846584658465847, "c4": 0.5691569156915691, "c5": 1.2974997499749974, "c6": 0.8703870387038705, "c7": 0.9796183618361836}, "datetime": {"datetime": "2023-08-26 13:40:08", "elapsed": 0.0, "delta": 0.0}}
{"target": -5.692156504394045, "params": {"c1": 0.7013701370137014, "c2": 1.1221122112211221, "c3": 0.7668766876687668, "c4": 0.9429942994299431, "c5": 1.4343134313431345, "c6": 0.9531953195319531, "c7": 0.1933267326732673}, "datetime": {"datetime": "2023-08-26 13:40:08", "elapsed": 0.0, "delta": 0.0}}
{"target": -43.00767579505155, "params": {"c1": 0.45244524452445245, "c2": 1.8312631263126313, "c3": 0.7366736673667366, "c4": 0.28012801280128014, "c5": 1.6321232123212321, "c6": 0.7654365436543654, "c7": 0.8023780378037804}, "datetime": {"datetime": "2023-08-26 13:40:08", "elapsed": 0.0, "delta": 0.0}}
{"target": -16.523259034692828, "params": {"c1": 0.42814281428142814, "c2": 1.9992399239923992, "c3": 0.33843384338433846, "c4": 0.76997699769977, "c5": 0.29286928692869285, "c6": 0.6414041404140414, "c7": 0.09641404140414041}, "datetime": {"datetime": "2023-08-26 13:40:08", "elapsed": 0.0, "delta": 0.0}}
{"target": -13.226707909424855, "params": {"c1": 0.5575557555755576, "c2": 1.0333733373337335, "c3": 0.8961896189618962, "c4": 0.6938693869386939, "c5": 1.4160716071607162, "c6": 0.898919891989199, "c7": 0.8146669666966696}, "datetime": {"datetime": "2023-08-26 13:40:08", "elapsed": 0.0, "delta": 0.0}}
{"target": -7.375010870691721, "params": {"c1": 0.8287828782878288, "c2": 1.4314631463146315, "c3": 0.48124812481248125, "c4": 0.42114211421142117, "c5": 1.2308030803080308, "c6": 0.6908190819081909, "c7": 0.6388253825382537}, "datetime": {"datetime": "2023-08-26 13:40:08", "elapsed": 0.0, "delta": 0.0}}
{"target": -36.34161903189618, "params": {"c1": 0.27292729272927296, "c2": 0.3785678567856786, "c3": 0.9741974197419742, "c4": 0.47844784478447844, "c5": 1.512791279127913, "c6": 0.9172817281728173, "c7": 0.9599360936093609}, "datetime": {"datetime": "2023-08-26 13:40:08", "elapsed": 0.0, "delta": 0.0}}
{"target": -9.296740983041458, "params": {"c1": 0.47034703470347033, "c2": 1.2241524152415244, "c3": 0.29062906290629065, "c4": 0.5651565156515652, "c5": 0.5801780178017802, "c6": 0.5685868586858686, "c7": 0.47537263726372636}, "datetime": {"datetime": "2023-08-26 13:40:08", "elapsed": 0.0, "delta": 0.0}}
{"target": -11.649705349889999, "params": {"c1": 0.6810681068106811, "c2": 0.4636963696369637, "c3": 0.6392639263926393, "c4": 0.23962396239623962, "c5": 1.0025902590259026, "c6": 0.7861386138613862, "c7": 0.7768010801080107}, "datetime": {"datetime": "2023-08-26 13:40:08", "elapsed": 0.0, "delta": 0.0}}
{"target": -33.82838464476464, "params": {"c1": 0.9816981698169818, "c2": 1.8242324232423244, "c3": 0.7067706770677068, "c4": 0.047104710471047105, "c5": 1.7525952595259529, "c6": 0.1152115211521152, "c7": 0.676091809180918}, "datetime": {"datetime": "2023-08-26 13:40:08", "elapsed": 0.0, "delta": 0.0}}
{"target": -16.728539382135104, "params": {"c1": 0.7698769876987699, "c2": 1.3288528852885289, "c3": 0.6599659965996599, "c4": 0.39943994399439947, "c5": 0.3941494149414942, "c6": 0.31503150315031503, "c7": 0.7968829882988298}, "datetime": {"datetime": "2023-08-26 13:40:08", "elapsed": 0.0, "delta": 0.0}}
{"target": -13.809641419536556, "params": {"c1": 0.2976297629762976, "c2": 1.5614361436143616, "c3": 0.6206620662066207, "c4": 0.42364236423642365, "c5": 0.4066906690669067, "c6": 0.28397839783978396, "c7": 0.46058595859585955}, "datetime": {"datetime": "2023-08-26 13:40:08", "elapsed": 0.0, "delta": 0.0}}
{"target": -40.17348141040216, "params": {"c1": 0.9599959995999601, "c2": 1.5536453645364536, "c3": 0.1549154915491549, "c4": 0.8161816181618162, "c5": 0.5588958895889589, "c6": 0.6811881188118811, "c7": 0.6204419441944194}, "datetime": {"datetime": "2023-08-26 13:40:08", "elapsed": 0.0, "delta": 0.0}}
{"target": -14.563937684787502, "params": {"c1": 0.6105610561056106, "c2": 1.9342534253425343, "c3": 0.63986398639864, "c4": 0.8979897989798981, "c5": 0.8593159315931593, "c6": 0.33177317731773176, "c7": 0.8512340234023402}, "datetime": {"datetime": "2023-08-26 13:40:08", "elapsed": 0.0, "delta": 0.0}}
{"target": -30.58308784103032, "params": {"c1": 0.9664966496649665, "c2": 0.44450445044504455, "c3": 0.0295029502950295, "c4": 0.10161016101610161, "c5": 0.8441144114411442, "c6": 0.5513051305130514, "c7": 0.1081035103510351}, "datetime": {"datetime": "2023-08-26 13:40:08", "elapsed": 0.0, "delta": 0.0}}
{"target": -26.627839240964942, "params": {"c1": 0.34473447344734476, "c2": 0.6920992099209922, "c3": 0.9663966396639664, "c4": 0.21002100210021002, "c5": 1.3727472747274727, "c6": 0.7173717371737174, "c7": 0.03197209720972097}, "datetime": {"datetime": "2023-08-26 13:40:08", "elapsed": 0.0, "delta": 0.0}}
{"target": -20.33486674778457, "params": {"c1": 0.4093409340934094, "c2": 1.7136413641364139, "c3": 0.8307830783078308, "c4": 0.012301230123012302, "c5": 0.8918091809180919, "c6": 0.3908190819081908, "c7": 0.7221503150315031}, "datetime": {"datetime": "2023-08-26 13:40:08", "elapsed": 0.0, "delta": 0.0}}
{"target": -11.897637774225428, "params": {"c1": 0.9657965796579658, "c2": 1.9304530453045305, "c3": 0.3941394139413941, "c4": 0.24692469246924692, "c5": 1.134083408340834, "c6": 0.40603060306030603, "c7": 0.8519333933393338}, "datetime": {"datetime": "2023-08-26 13:40:08", "elapsed": 0.0, "delta": 0.0}}
{"target": -3.855246575849761, "params": {"c1": 0.7824782478247825, "c2": 1.620912091209121, "c3": 0.4325432543254325, "c4": 0.38613861386138615, "c5": 0.8127612761276127, "c6": 0.8841584158415842, "c7": 0.8307524752475247}, "datetime": {"datetime": "2023-08-26 13:40:08", "elapsed": 0.0, "delta": 0.0}}
{"target": -20.85499780797654, "params": {"c1": 0.048804880488048805, "c2": 1.2539853985398541, "c3": 0.07600760076007601, "c4": 0.40864086408640865, "c5": 0.8310031003100311, "c6": 0.6451845184518452, "c7": 0.09851215121512151}, "datetime": {"datetime": "2023-08-26 13:40:08", "elapsed": 0.0, "delta": 0.0}}
{"target": -11.881768150891142, "params": {"c1": 0.29582958295829587, "c2": 1.9597159715971597, "c3": 0.7515751575157515, "c4": 0.788978897889789, "c5": 0.7071107110711071, "c6": 0.12457245724572456, "c7": 0.6151467146714671}, "datetime": {"datetime": "2023-08-26 13:40:08", "elapsed": 0.0, "delta": 0.0}}
{"target": -11.984387552382254, "params": {"c1": 0.33703370337033706, "c2": 0.9729472947294731, "c3": 0.30833083308330833, "c4": 0.17311731173117312, "c5": 1.1929892989298931, "c6": 0.2967596759675968, "c7": 0.9449495949594959}, "datetime": {"datetime": "2023-08-26 13:40:08", "elapsed": 0.0, "delta": 0.0}}
{"target": -24.95660305289442, "params": {"c1": 0.46174617461746176, "c2": 1.1688568856885688, "c3": 0.41354135413541354, "c4": 0.6786678667866787, "c5": 1.4647164716471648, "c6": 0.9551755175517552, "c7": 0.9682286228622862}, "datetime": {"datetime": "2023-08-26 13:40:08", "elapsed": 0.0, "delta": 0.0}}
{"target": -10.424225163025016, "params": {"c1": 0.6461646164616461, "c2": 0.7567056705670567, "c3": 0.9451945194519452, "c4": 0.34603460346034604, "c5": 0.6447844784478448, "c6": 0.7679567956795679, "c7": 0.12259045904590458}, "datetime": {"datetime": "2023-08-26 13:40:08", "elapsed": 0.0, "delta": 0.0}}
{"target": -23.284228414028224, "params": {"c1": 0.17601760176017603, "c2": 0.6808880888088809, "c3": 0.1837183718371837, "c4": 0.42094209420942097, "c5": 0.8914291429142914, "c6": 0.8656165616561655, "c7": 0.4031377137713771}, "datetime": {"datetime": "2023-08-26 13:40:08", "elapsed": 0.0, "delta": 0.0}}
{"target": -33.172018059666016, "params": {"c1": 0.3412341234123413, "c2": 0.44735473547354737, "c3": 0.0963096309630963, "c4": 0.010901090109010901, "c5": 1.7271327132713272, "c6": 0.7092709270927092, "c7": 0.48916021602160215}, "datetime": {"datetime": "2023-08-26 13:40:08", "elapsed": 0.0, "delta": 0.0}}
{"target": -26.6495193177911, "params": {"c1": 0.011901190119011902, "c2": 0.8334733473347334, "c3": 0.5808580858085808, "c4": 0.9494949494949495, "c5": 0.8631163116311632, "c6": 0.7586858685868586, "c7": 0.8920972097209721}, "datetime": {"datetime": "2023-08-26 13:40:08", "elapsed": 0.0, "delta": 0.0}}
{"target": -11.101434015094172, "params": {"c1": 0.6096609660966097, "c2": 1.1627762776277628, "c3": 0.8795879587958796, "c4": 0.45184518451845185, "c5": 1.3717971797179718, "c6": 0.7664266426642664, "c7": 0.266061206120612}, "datetime": {"datetime": "2023-08-26 13:40:08", "elapsed": 0.0, "delta": 0.0}}
{"target": -31.224410915143864, "params": {"c1": 0.8846884688468847, "c2": 0.6354735473547355, "c3": 0.5615561556155615, "c4": 0.5656565656565656, "c5": 1.3372137213721373, "c6": 0.22934293429342936, "c7": 0.7943852385238523}, "datetime": {"datetime": "2023-08-26 13:40:08", "elapsed": 0.0, "delta": 0.0}}
{"target": -13.330817020913615, "params": {"c1": 0.7784778477847785, "c2": 1.441914191419142, "c3": 0.5891589158915892, "c4": 0.2607260726072607, "c5": 1.9536353635363537, "c6": 0.34491449144914493, "c7": 0.2062151215121512}, "datetime": {"datetime": "2023-08-26 13:40:08", "elapsed": 0.0, "delta": 0.0}}
{"target": -22.928773825206232, "params": {"c1": 0.14411441144114412, "c2": 1.5627662766276629, "c3": 0.5890589058905891, "c4": 0.9982998299829984, "c5": 0.44051405140514055, "c6": 0.14284428442844285, "c7": 0.510041404140414}, "datetime": {"datetime": "2023-08-26 13:40:08", "elapsed": 0.0, "delta": 0.0}}
{"target": -9.869144578701555, "params": {"c1": 0.5503550355035504, "c2": 1.6155915591559156, "c3": 0.745974597459746, "c4": 0.7282728272827282, "c5": 0.7791279127912791, "c6": 0.5007200720072007, "c7": 0.05475157515751575}, "datetime": {"datetime": "2023-08-26 13:40:08", "elapsed": 0.0, "delta": 0.0}}
{"target": -6.1309287746082815, "params": {"c1": 0.3061306130613061, "c2": 0.7648764876487648, "c3": 0.31173117311731174, "c4": 0.46154615461546156, "c5": 0.932853285328533, "c6": 0.21143114311431144, "c7": 0.25227362736273623}, "datetime": {"datetime": "2023-08-26 13:40:08", "elapsed": 0.0, "delta": 0.0}}
{"target": -42.082876800710906, "params": {"c1": 0.8321832183218322, "c2": 0.21002100210021002, "c3": 0.38183818381838186, "c4": 0.9037903790379038, "c5": 0.32859285928592863, "c6": 0.47236723672367237, "c7": 0.9263663366336633}, "datetime": {"datetime": "2023-08-26 13:40:08", "elapsed": 0.0, "delta": 0.0}}
{"target": -23.223318789416815, "params": {"c1": 0.17981798179817982, "c2": 1.0481948194819484, "c3": 0.586058605860586, "c4": 0.7237723772377238, "c5": 0.46711671167116714, "c6": 0.12637263726372638, "c7": 0.7894896489648965}, "datetime": {"datetime": "2023-08-26 13:40:08", "elapsed": 0.0, "delta": 0.0}}
{"target": -4.432585117355663, "params": {"c1": 0.5627562756275628, "c2": 1.9526852685268528, "c3": 0.9513951395139514, "c4": 0.4811481148114812, "c5": 0.9491949194919492, "c6": 0.23132313231323132, "c7": 0.33439963996399635}, "datetime": {"datetime": "2023-08-26 13:40:08", "elapsed": 0.0, "delta": 0.0}}
{"target": -22.70836417983862, "params": {"c1": 0.1338133813381338, "c2": 1.3892789278927895, "c3": 0.5552555255525552, "c4": 0.750975097509751, "c5": 1.4964496449644964, "c6": 0.13825382538253825, "c7": 0.8787092709270927}, "datetime": {"datetime": "2023-08-26 13:40:08", "elapsed": 0.0, "delta": 0.0}}
{"target": -19.234415705941824, "params": {"c1": 0.7057705770577057, "c2": 1.318781878187819, "c3": 0.5498549854985498, "c4": 0.9091909190919092, "c5": 1.157835783578358, "c6": 0.303060306030603, "c7": 0.8406435643564356}, "datetime": {"datetime": "2023-08-26 13:40:08", "elapsed": 0.0, "delta": 0.0}}
{"target": -6.295366119467861, "params": {"c1": 0.3799379937993799, "c2": 0.7101510151015102, "c3": 0.8638863886388639, "c4": 0.38493849384938494, "c5": 0.9951795179517953, "c6": 0.20594059405940596, "c7": 0.17923942394239423}, "datetime": {"datetime": "2023-08-26 13:40:08", "elapsed": 0.0, "delta": 0.0}}
{"target": -15.03031505088312, "params": {"c1": 0.30273027302730277, "c2": 1.1599259925992598, "c3": 0.34423442344234423, "c4": 0.6684668466846685, "c5": 1.2648164816481648, "c6": 0.4231323132313231, "c7": 0.11479747974797479}, "datetime": {"datetime": "2023-08-26 13:40:08", "elapsed": 0.0, "delta": 0.0}}
{"target": -43.634793310240134, "params": {"c1": 0.9495949594959496, "c2": 0.10855085508550855, "c3": 0.039403940394039404, "c4": 0.16011601160116012, "c5": 0.6119111911191119, "c6": 0.9622862286228623, "c7": 0.024578757875787578}, "datetime": {"datetime": "2023-08-26 13:40:08", "elapsed": 0.0, "delta": 0.0}}
{"target": -32.82100677662417, "params": {"c1": 0.018401840184018404, "c2": 0.8044004400440045, "c3": 0.034503450345034506, "c4": 0.014401440144014403, "c5": 1.2959795979597961, "c6": 0.46750675067506753, "c7": 0.32061206120612057}, "datetime": {"datetime": "2023-08-26 13:40:08", "elapsed": 0.0, "delta": 0.0}}
{"target": -6.841560550038036, "params": {"c1": 0.35693569356935695, "c2": 1.5264726472647265, "c3": 0.6254625462546255, "c4": 0.061906190619061906, "c5": 0.37324732473247324, "c6": 0.3754275427542754, "c7": 0.41962286228622864}, "datetime": {"datetime": "2023-08-26 13:40:08", "elapsed": 0.0, "delta": 0.0}}
{"target": -4.0282253505778405, "params": {"c1": 0.26162616261626165, "c2": 0.6666366636663666, "c3": 0.1499149914991499, "c4": 0.32493249324932494, "c5": 0.6622662266226623, "c6": 0.47785778577857785, "c7": 0.12548784878487848}, "datetime": {"datetime": "2023-08-26 13:40:08", "elapsed": 0.0, "delta": 0.0}}
